0	1	mikroCARM.exe -MSF -DBG -pSTM32F107VC -LHF -DL -SSA -O11111114 -fo72 -N"Z:\Materijal\2013\8. Semestar\Sistemi u realnom vremenu\Vezbe\Vezba 7\BEE primer\Receiver\Receiver.mcpar" -SP"C:\Program Files\Mikroelektronika\mikroC PRO for ARM\defs\" -SP"Z:\Materijal\2013\8. Semestar\Sistemi u realnom vremenu\Vezbe\Vezba 7\BEE primer\Receiver\" -SP"C:\Program Files\Mikroelektronika\mikroC PRO for ARM\Uses\ST M3\" -SP"Z:\Public\Materijal\2013\8. Semestar\Sistemi u realnom vremenu\Vezbe\Vezba 7\BEE primer\Receiver\" -SP"C:\Users\Public\Documents\Mikroelektronika\mikroC PRO for ARM\defs\" -SP"C:\Users\Public\Documents\Mikroelektronika\mikroC PRO for ARM\Uses\ST M3\" -SP"D:\Download\1347955933_bee_click___exam_mikroc_arm\mikroC PRO for ARM\EasyMX PRO v7 for STM32 - STM32F107VC\Receiver\" -SP"D:\Download\1347955933_bee_click___exam_mikroc_arm\mikroC PRO for ARM\EasyMX PRO v7 for STM32 - STM32F107VC\" -SP"Z:\Public\Materijal\2013\8. Semestar\Sistemi u realnom vremenu\Vezbe\Vezba 7\BEE primer\" -SP"Z:\Materijal\2013\8. Semestar\Sistemi u realnom vremenu\Vezbe\Vezba 7\BEE primer\" "Receiver.c" "ReadWrite_Routines.c" "Reset_Routines.c" "Misc_Routines.c" "Init_Routines.c" "__Lib_Math.emcl" "__Lib_MathDouble.emcl" "__Lib_Delays.emcl" "__Lib_System_105_107.emcl" "__Lib_GPIO_32F10x_Defs.emcl" "__Lib_GPIO_32F10x.emcl" "__Lib_Conversions.emcl" "__Lib_SPI_123.emcl" "__Lib_UART_123_45.emcl" "__Lib_LcdConsts.emcl" "__Lib_Lcd.emcl" "__Lib_TFT.emcl" "__Lib_TFT_Defs.emcl" "__Lib_TouchPanel_TFT.emcl"	 
warning: 0	1501	Specified search path does not exist: 'C:\Users\Public\Documents\Mikroelektronika\mikroC PRO for ARM\defs'	 
warning: 0	1501	Specified search path does not exist: 'C:\Users\Public\Documents\Mikroelektronika\mikroC PRO for ARM\Uses\ST M3'	 
warning: 0	1501	Specified search path does not exist: 'D:\Download\1347955933_bee_click___exam_mikroc_arm\mikroC PRO for ARM\EasyMX PRO v7 for STM32 - STM32F107VC\Receiver'	 
warning: 0	1501	Specified search path does not exist: 'D:\Download\1347955933_bee_click___exam_mikroc_arm\mikroC PRO for ARM\EasyMX PRO v7 for STM32 - STM32F107VC'	 
diagnostics: 0	122	Compilation Started	STM32F107VC.c
diagnostics: 33017	123	Compiled Successfully	STM32F107VC.c
diagnostics: 0	122	Compilation Started	__Lib_Delays.c
diagnostics: 115	123	Compiled Successfully	__Lib_Delays.c
hint: 84	1164	Variable 'NumberOfCyc' has been eliminated by optimizer	__Lib_Delays.c
hint: 101	1164	Variable 'NumberOfCyc' has been eliminated by optimizer	__Lib_Delays.c
diagnostics: 0	122	Compilation Started	__lib_gpio.h
diagnostics: 814	123	Compiled Successfully	__Lib_GPIO_32F10x_Defs.c
diagnostics: 0	122	Compilation Started	__Lib_TFT_Defs.c
warning: 94	1508	Implicit conversion of int to ptr	__Lib_TFT_Defs.c
warning: 106	1508	Implicit conversion of int to ptr	__Lib_TFT_Defs.c
warning: 118	1508	Implicit conversion of int to ptr	__Lib_TFT_Defs.c
warning: 130	1508	Implicit conversion of int to ptr	__Lib_TFT_Defs.c
warning: 139	1508	Implicit conversion of int to ptr	__Lib_TFT_Defs.c
warning: 156	1508	Implicit conversion of int to ptr	__Lib_TFT_Defs.c
diagnostics: 3020	123	Compiled Successfully	__Lib_TFT_Defs.c
hint: 44	1164	Variable 'temp' has been eliminated by optimizer	__Lib_TFT_Defs.c
diagnostics: 0	122	Compilation Started	resources.h
diagnostics: 83	123	Compiled Successfully	Receiver.c
diagnostics: 0	122	Compilation Started	misc_routines.h
diagnostics: 146	123	Compiled Successfully	ReadWrite_Routines.c
hint: 37	1164	Variable 'data_r' has been eliminated by optimizer	ReadWrite_Routines.c
hint: 53	1164	Variable 'address_high' has been eliminated by optimizer	ReadWrite_Routines.c
hint: 68	1164	Variable 'data_r' has been eliminated by optimizer	ReadWrite_Routines.c
hint: 69	1164	Variable 'address_high' has been eliminated by optimizer	ReadWrite_Routines.c
hint: 87	1164	Variable 'temp' has been eliminated by optimizer	ReadWrite_Routines.c
hint: 98	1164	Variable 'temp' has been eliminated by optimizer	ReadWrite_Routines.c
diagnostics: 0	122	Compilation Started	readwrite_routines.h
diagnostics: 43	123	Compiled Successfully	Reset_Routines.c
diagnostics: 0	122	Compilation Started	readwrite_routines.h
diagnostics: 438	123	Compiled Successfully	Misc_Routines.c
hint: 77	1164	Variable 'temp' has been eliminated by optimizer	Misc_Routines.c
hint: 121	1164	Variable 'temp' has been eliminated by optimizer	Misc_Routines.c
hint: 141	1164	Variable 'temp' has been eliminated by optimizer	Misc_Routines.c
hint: 155	1164	Variable 'temp' has been eliminated by optimizer	Misc_Routines.c
hint: 169	1164	Variable 'temp' has been eliminated by optimizer	Misc_Routines.c
hint: 184	1164	Variable 'temp' has been eliminated by optimizer	Misc_Routines.c
hint: 192	1164	Variable 'temp' has been eliminated by optimizer	Misc_Routines.c
hint: 203	1164	Variable 'temp' has been eliminated by optimizer	Misc_Routines.c
hint: 211	1164	Variable 'temp' has been eliminated by optimizer	Misc_Routines.c
hint: 222	1164	Variable 'temp' has been eliminated by optimizer	Misc_Routines.c
hint: 240	1164	Variable 'temp' has been eliminated by optimizer	Misc_Routines.c
hint: 261	1164	Variable 'temp' has been eliminated by optimizer	Misc_Routines.c
hint: 293	1164	Variable 'temp' has been eliminated by optimizer	Misc_Routines.c
hint: 333	1164	Variable 'temp' has been eliminated by optimizer	Misc_Routines.c
hint: 365	1164	Variable 'temp' has been eliminated by optimizer	Misc_Routines.c
diagnostics: 0	122	Compilation Started	readwrite_routines.h
diagnostics: 70	123	Compiled Successfully	Init_Routines.c
diagnostics: 0	127	All files Compiled in 1937 ms	 
hint: 0	1144	Used RX: 16 (100%)   Free RX: 0 (0%)	Used RX: 16 (100%)   Free RX: 0 (0%)
hint: 0	1144	Static RAM (bytes): 218   Dynamic RAM (bytes): 65313	Static RAM (bytes): 218   Dynamic RAM (bytes): 65313
hint: 0	1144	Used ROM (bytes): 20084 (8%)  Free ROM (bytes): 242060 (92%)	Used ROM (bytes): 20084 (8%)  Free ROM (bytes): 242060 (92%)
diagnostics: 0	125	Project Linked Successfully	Receiver.mcpar
diagnostics: 0	128	Linked in 2407 ms	 
diagnostics: 0	129	Project 'Receiver.mcpar' completed: 8469 ms	 
diagnostics: 0	103	Finished successfully: 06 Jun 2014, 14:15:02	Receiver.mcpar
