;  LST file generated by mikroListExporter - v.2.0 
; Date/Time: 10/10/16 11:19:42 AM
;----------------------------------------------

;Address Opcode 	ASM
____SysVT:
0x0000	0xFFFC2000  	536936444
0x0004	0x08950000  	2197
0x0008	0x07490000  	1865
0x000C	0x07490000  	1865
0x0010	0x07490000  	1865
0x0014	0x07490000  	1865
0x0018	0x07490000  	1865
0x001C	0x07490000  	1865
0x0020	0x07490000  	1865
0x0024	0x07490000  	1865
0x0028	0x07490000  	1865
0x002C	0x07490000  	1865
0x0030	0x07490000  	1865
0x0034	0x07490000  	1865
0x0038	0x07490000  	1865
0x003C	0x07490000  	1865
0x0040	0x07490000  	1865
0x0044	0x07490000  	1865
0x0048	0x07490000  	1865
0x004C	0x07490000  	1865
0x0050	0x07490000  	1865
0x0054	0x07490000  	1865
0x0058	0x07490000  	1865
0x005C	0x07490000  	1865
0x0060	0x07490000  	1865
0x0064	0x07490000  	1865
0x0068	0x07490000  	1865
0x006C	0x07490000  	1865
0x0070	0x07490000  	1865
0x0074	0x07490000  	1865
0x0078	0x07490000  	1865
0x007C	0x07490000  	1865
0x0080	0x07490000  	1865
0x0084	0x07490000  	1865
0x0088	0x07490000  	1865
0x008C	0x07490000  	1865
0x0090	0x07490000  	1865
0x0094	0x07490000  	1865
0x0098	0x07490000  	1865
0x009C	0x07490000  	1865
0x00A0	0x07490000  	1865
0x00A4	0x07490000  	1865
0x00A8	0x07490000  	1865
0x00AC	0x07490000  	1865
0x00B0	0x07490000  	1865
0x00B4	0x07490000  	1865
0x00B8	0x07490000  	1865
0x00BC	0x07490000  	1865
0x00C0	0x07490000  	1865
0x00C4	0x07490000  	1865
0x00C8	0x07490000  	1865
0x00CC	0x07490000  	1865
0x00D0	0x07490000  	1865
0x00D4	0x07490000  	1865
0x00D8	0x07490000  	1865
0x00DC	0x07490000  	1865
0x00E0	0x07490000  	1865
0x00E4	0x07490000  	1865
0x00E8	0x07490000  	1865
0x00EC	0x07490000  	1865
0x00F0	0x07490000  	1865
0x00F4	0x07490000  	1865
0x00F8	0x07490000  	1865
0x00FC	0x07490000  	1865
0x0100	0x07490000  	1865
0x0104	0x07490000  	1865
0x0108	0x07490000  	1865
0x010C	0x07490000  	1865
0x0110	0x07490000  	1865
0x0114	0x07490000  	1865
0x0118	0x07490000  	1865
0x011C	0x07490000  	1865
0x0120	0x07490000  	1865
0x0124	0x07490000  	1865
0x0128	0x07490000  	1865
0x012C	0x07490000  	1865
0x0130	0x07490000  	1865
0x0134	0x07490000  	1865
0x0138	0x07490000  	1865
0x013C	0x07490000  	1865
0x0140	0x07490000  	1865
0x0144	0x07490000  	1865
0x0148	0x07490000  	1865
0x014C	0x07490000  	1865
; end of ____SysVT
_main:
;Sound.c, 70 :: 		void main() {
0x0894	0xF7FFFF5C  BL	1872
0x0898	0xF000F864  BL	2404
0x089C	0xF7FFFF4A  BL	1844
;Sound.c, 71 :: 		GPIO_Digital_Input(&GPIOD_IDR, _GPIO_PINMASK_LOW);
0x08A0	0xF24001FF  MOVW	R1, #255
0x08A4	0x4828    LDR	R0, [PC, #160]
0x08A6	0xF7FFFE87  BL	_GPIO_Digital_Input+0
;Sound.c, 72 :: 		Sound_Init(&GPIOE_ODR, 14);
0x08AA	0x210E    MOVS	R1, #14
0x08AC	0x4827    LDR	R0, [PC, #156]
0x08AE	0xF7FFFE57  BL	_Sound_Init+0
;Sound.c, 73 :: 		Sound_Play(880, 1000);            // Play sound at 880Hz for 1 second
0x08B2	0xF24031E8  MOVW	R1, #1000
0x08B6	0xF2403070  MOVW	R0, #880
0x08BA	0xF7FFFEA7  BL	_Sound_Play+0
;Sound.c, 75 :: 		while (1) {
L_main3:
;Sound.c, 76 :: 		if (Button(&GPIOD_IDR,7,1,1))       // RB7 plays Tone1
0x08BE	0x2301    MOVS	R3, #1
0x08C0	0x2201    MOVS	R2, #1
0x08C2	0x2107    MOVS	R1, #7
0x08C4	0x4820    LDR	R0, [PC, #128]
0x08C6	0xF7FFFEFF  BL	_Button+0
0x08CA	0xB108    CBZ	R0, L_main5
;Sound.c, 77 :: 		Tone1();
0x08CC	0xF7FFFEF0  BL	_Tone1+0
L_main5:
;Sound.c, 78 :: 		while (GPIOD_IDR.B7);                // Wait for button to be released
L_main6:
0x08D0	0x491F    LDR	R1, [PC, #124]
0x08D2	0x6808    LDR	R0, [R1, #0]
0x08D4	0xB100    CBZ	R0, L_main7
0x08D6	0xE7FB    B	L_main6
L_main7:
;Sound.c, 80 :: 		if (Button(&GPIOD_IDR,6,1,1))       // RB6 plays Tone2
0x08D8	0x2301    MOVS	R3, #1
0x08DA	0x2201    MOVS	R2, #1
0x08DC	0x2106    MOVS	R1, #6
0x08DE	0x481A    LDR	R0, [PC, #104]
0x08E0	0xF7FFFEF2  BL	_Button+0
0x08E4	0xB108    CBZ	R0, L_main8
;Sound.c, 81 :: 		Tone2();
0x08E6	0xF7FFFED7  BL	_Tone2+0
L_main8:
;Sound.c, 82 :: 		while (GPIOD_IDR.B6);                // Wait for button to be released
L_main9:
0x08EA	0x491A    LDR	R1, [PC, #104]
0x08EC	0x6808    LDR	R0, [R1, #0]
0x08EE	0xB100    CBZ	R0, L_main10
0x08F0	0xE7FB    B	L_main9
L_main10:
;Sound.c, 84 :: 		if (Button(&GPIOD_IDR,5,1,1))       // RB5 plays Tone3
0x08F2	0x2301    MOVS	R3, #1
0x08F4	0x2201    MOVS	R2, #1
0x08F6	0x2105    MOVS	R1, #5
0x08F8	0x4813    LDR	R0, [PC, #76]
0x08FA	0xF7FFFEE5  BL	_Button+0
0x08FE	0xB108    CBZ	R0, L_main11
;Sound.c, 85 :: 		Tone3();
0x0900	0xF7FFFDCA  BL	_Tone3+0
L_main11:
;Sound.c, 86 :: 		while (GPIOD_IDR.B5);                // Wait for button to be released
L_main12:
0x0904	0x4914    LDR	R1, [PC, #80]
0x0906	0x6808    LDR	R0, [R1, #0]
0x0908	0xB100    CBZ	R0, L_main13
0x090A	0xE7FB    B	L_main12
L_main13:
;Sound.c, 88 :: 		if (Button(&GPIOD_IDR,4,1,1))       // RB4 plays Melody2
0x090C	0x2301    MOVS	R3, #1
0x090E	0x2201    MOVS	R2, #1
0x0910	0x2104    MOVS	R1, #4
0x0912	0x480D    LDR	R0, [PC, #52]
0x0914	0xF7FFFED8  BL	_Button+0
0x0918	0xB108    CBZ	R0, L_main14
;Sound.c, 89 :: 		Melody2();
0x091A	0xF7FFFDA9  BL	_Melody2+0
L_main14:
;Sound.c, 90 :: 		while (GPIOD_IDR.B4);                // Wait for button to be released
L_main15:
0x091E	0x490F    LDR	R1, [PC, #60]
0x0920	0x6808    LDR	R0, [R1, #0]
0x0922	0xB100    CBZ	R0, L_main16
0x0924	0xE7FB    B	L_main15
L_main16:
;Sound.c, 92 :: 		if (Button(&GPIOD_IDR,3,1,1))       // RB3 plays Melody
0x0926	0x2301    MOVS	R3, #1
0x0928	0x2201    MOVS	R2, #1
0x092A	0x2103    MOVS	R1, #3
0x092C	0x4806    LDR	R0, [PC, #24]
0x092E	0xF7FFFECB  BL	_Button+0
0x0932	0xB108    CBZ	R0, L_main17
;Sound.c, 93 :: 		Melody();
0x0934	0xF7FFFDF2  BL	_Melody+0
L_main17:
;Sound.c, 94 :: 		while (GPIOD_IDR.B3);                // Wait for button to be released
L_main18:
0x0938	0x4909    LDR	R1, [PC, #36]
0x093A	0x6808    LDR	R0, [R1, #0]
0x093C	0x2800    CMP	R0, #0
0x093E	0xD000    BEQ	L_main19
0x0940	0xE7FA    B	L_main18
L_main19:
;Sound.c, 95 :: 		}
0x0942	0xE7BC    B	L_main3
;Sound.c, 96 :: 		}
L_end_main:
L__main_end_loop:
0x0944	0xE7FE    B	L__main_end_loop
0x0946	0xBF00    NOP
0x0948	0x14084001  	GPIOD_IDR+0
0x094C	0x180C4001  	GPIOE_ODR+0
0x0950	0x811C4222  	GPIOD_IDR+0
0x0954	0x81184222  	GPIOD_IDR+0
0x0958	0x81144222  	GPIOD_IDR+0
0x095C	0x81104222  	GPIOD_IDR+0
0x0960	0x810C4222  	GPIOD_IDR+0
; end of _main
___FillZeros:
;__Lib_System_105_107.c, 69 :: 		
0x05D0	0xB081    SUB	SP, SP, #4
;__Lib_System_105_107.c, 71 :: 		
0x05D2	0xF04F0900  MOV	R9, #0
;__Lib_System_105_107.c, 72 :: 		
0x05D6	0xF04F0C00  MOV	R12, #0
;__Lib_System_105_107.c, 73 :: 		
0x05DA	0xEBBD0F0A  CMP	SP, R10, LSL #0
;__Lib_System_105_107.c, 74 :: 		
0x05DE	0xDC04    BGT	L_loopFZs
;__Lib_System_105_107.c, 75 :: 		
0x05E0	0xEBBD0F0B  CMP	SP, R11, LSL #0
;__Lib_System_105_107.c, 76 :: 		
0x05E4	0xDB01    BLT	L_loopFZs
;__Lib_System_105_107.c, 77 :: 		
0x05E6	0x46D4    MOV	R12, R10
;__Lib_System_105_107.c, 78 :: 		
0x05E8	0x46EA    MOV	R10, SP
;__Lib_System_105_107.c, 79 :: 		
L_loopFZs:
;__Lib_System_105_107.c, 80 :: 		
0x05EA	0xF84B9B04  STR	R9, [R11], #4
;__Lib_System_105_107.c, 81 :: 		
0x05EE	0xEBBB0F0A  CMP	R11, R10, LSL #0
;__Lib_System_105_107.c, 82 :: 		
0x05F2	0xD1FA    BNE	L_loopFZs
;__Lib_System_105_107.c, 83 :: 		
0x05F4	0xEBBC0F0A  CMP	R12, R10, LSL #0
;__Lib_System_105_107.c, 84 :: 		
0x05F8	0xDD05    BLE	L_norep
;__Lib_System_105_107.c, 85 :: 		
0x05FA	0x46E2    MOV	R10, R12
;__Lib_System_105_107.c, 86 :: 		
0x05FC	0xF8D9B000  LDR	R11, [R9, #0]
;__Lib_System_105_107.c, 87 :: 		
0x0600	0xF10B0B04  ADD	R11, R11, #4
;__Lib_System_105_107.c, 88 :: 		
0x0604	0xE7F1    B	L_loopFZs
;__Lib_System_105_107.c, 89 :: 		
L_norep:
;__Lib_System_105_107.c, 91 :: 		
L_end___FillZeros:
0x0606	0xB001    ADD	SP, SP, #4
0x0608	0x4770    BX	LR
; end of ___FillZeros
_GPIO_Digital_Input:
;__Lib_GPIO_32F10x.c, 369 :: 		
; pin_mask start address is: 4 (R1)
; port start address is: 0 (R0)
0x05B8	0xB081    SUB	SP, SP, #4
0x05BA	0xF8CDE000  STR	LR, [SP, #0]
; pin_mask end address is: 4 (R1)
; port end address is: 0 (R0)
; port start address is: 0 (R0)
; pin_mask start address is: 4 (R1)
;__Lib_GPIO_32F10x.c, 370 :: 		
0x05BE	0xF04F0242  MOV	R2, #66
0x05C2	0xB289    UXTH	R1, R1
; pin_mask end address is: 4 (R1)
; port end address is: 0 (R0)
0x05C4	0xF7FFFE4E  BL	_GPIO_Config+0
;__Lib_GPIO_32F10x.c, 371 :: 		
L_end_GPIO_Digital_Input:
0x05C8	0xF8DDE000  LDR	LR, [SP, #0]
0x05CC	0xB001    ADD	SP, SP, #4
0x05CE	0x4770    BX	LR
; end of _GPIO_Digital_Input
_GPIO_Config:
;__Lib_GPIO_32F10x.c, 124 :: 		
; config start address is: 8 (R2)
; pin_mask start address is: 4 (R1)
; port start address is: 0 (R0)
0x0264	0xB081    SUB	SP, SP, #4
0x0266	0xF8CDE000  STR	LR, [SP, #0]
0x026A	0xB28C    UXTH	R4, R1
0x026C	0x4615    MOV	R5, R2
; config end address is: 8 (R2)
; pin_mask end address is: 4 (R1)
; port end address is: 0 (R0)
; port start address is: 0 (R0)
; pin_mask start address is: 16 (R4)
; config start address is: 20 (R5)
;__Lib_GPIO_32F10x.c, 129 :: 		
0x026E	0x4B77    LDR	R3, [PC, #476]
0x0270	0xEA000303  AND	R3, R0, R3, LSL #0
; port end address is: 0 (R0)
; port start address is: 24 (R6)
0x0274	0x461E    MOV	R6, R3
;__Lib_GPIO_32F10x.c, 131 :: 		
0x0276	0x4618    MOV	R0, R3
0x0278	0xF7FFFF6A  BL	_GPIO_Clk_Enable+0
;__Lib_GPIO_32F10x.c, 134 :: 		
0x027C	0xF1B40FFF  CMP	R4, #255
0x0280	0xD10C    BNE	L_GPIO_Config18
;__Lib_GPIO_32F10x.c, 135 :: 		
0x0282	0x4B73    LDR	R3, [PC, #460]
0x0284	0x429D    CMP	R5, R3
0x0286	0xD103    BNE	L_GPIO_Config19
; pin_mask end address is: 16 (R4)
; config end address is: 20 (R5)
;__Lib_GPIO_32F10x.c, 136 :: 		
0x0288	0xF04F3333  MOV	R3, #858993459
0x028C	0x6033    STR	R3, [R6, #0]
; port end address is: 24 (R6)
;__Lib_GPIO_32F10x.c, 137 :: 		
0x028E	0xE0D9    B	L_end_GPIO_Config
;__Lib_GPIO_32F10x.c, 138 :: 		
L_GPIO_Config19:
;__Lib_GPIO_32F10x.c, 139 :: 		
; port start address is: 24 (R6)
; config start address is: 20 (R5)
; pin_mask start address is: 16 (R4)
0x0290	0x2D42    CMP	R5, #66
0x0292	0xD103    BNE	L_GPIO_Config20
; pin_mask end address is: 16 (R4)
; config end address is: 20 (R5)
;__Lib_GPIO_32F10x.c, 140 :: 		
0x0294	0xF04F3344  MOV	R3, #1145324612
0x0298	0x6033    STR	R3, [R6, #0]
; port end address is: 24 (R6)
;__Lib_GPIO_32F10x.c, 141 :: 		
0x029A	0xE0D3    B	L_end_GPIO_Config
;__Lib_GPIO_32F10x.c, 142 :: 		
L_GPIO_Config20:
;__Lib_GPIO_32F10x.c, 143 :: 		
; port start address is: 24 (R6)
; config start address is: 20 (R5)
; pin_mask start address is: 16 (R4)
L_GPIO_Config18:
;__Lib_GPIO_32F10x.c, 145 :: 		
0x029C	0xF64F73FF  MOVW	R3, #65535
0x02A0	0x429C    CMP	R4, R3
0x02A2	0xD114    BNE	L_GPIO_Config21
;__Lib_GPIO_32F10x.c, 146 :: 		
0x02A4	0x4B6A    LDR	R3, [PC, #424]
0x02A6	0x429D    CMP	R5, R3
0x02A8	0xD107    BNE	L_GPIO_Config22
; pin_mask end address is: 16 (R4)
; config end address is: 20 (R5)
;__Lib_GPIO_32F10x.c, 147 :: 		
0x02AA	0xF04F3333  MOV	R3, #858993459
0x02AE	0x6033    STR	R3, [R6, #0]
;__Lib_GPIO_32F10x.c, 148 :: 		
0x02B0	0x1D34    ADDS	R4, R6, #4
; port end address is: 24 (R6)
0x02B2	0xF04F3333  MOV	R3, #858993459
0x02B6	0x6023    STR	R3, [R4, #0]
;__Lib_GPIO_32F10x.c, 149 :: 		
0x02B8	0xE0C4    B	L_end_GPIO_Config
;__Lib_GPIO_32F10x.c, 150 :: 		
L_GPIO_Config22:
;__Lib_GPIO_32F10x.c, 151 :: 		
; port start address is: 24 (R6)
; config start address is: 20 (R5)
; pin_mask start address is: 16 (R4)
0x02BA	0x2D42    CMP	R5, #66
0x02BC	0xD107    BNE	L_GPIO_Config23
; pin_mask end address is: 16 (R4)
; config end address is: 20 (R5)
;__Lib_GPIO_32F10x.c, 152 :: 		
0x02BE	0xF04F3344  MOV	R3, #1145324612
0x02C2	0x6033    STR	R3, [R6, #0]
;__Lib_GPIO_32F10x.c, 153 :: 		
0x02C4	0x1D34    ADDS	R4, R6, #4
; port end address is: 24 (R6)
0x02C6	0xF04F3344  MOV	R3, #1145324612
0x02CA	0x6023    STR	R3, [R4, #0]
;__Lib_GPIO_32F10x.c, 154 :: 		
0x02CC	0xE0BA    B	L_end_GPIO_Config
;__Lib_GPIO_32F10x.c, 155 :: 		
L_GPIO_Config23:
;__Lib_GPIO_32F10x.c, 156 :: 		
; port start address is: 24 (R6)
; config start address is: 20 (R5)
; pin_mask start address is: 16 (R4)
L_GPIO_Config21:
;__Lib_GPIO_32F10x.c, 158 :: 		
; currentmode start address is: 4 (R1)
0x02CE	0x2100    MOVS	R1, #0
;__Lib_GPIO_32F10x.c, 159 :: 		
; speed start address is: 0 (R0)
0x02D0	0x2000    MOVS	R0, #0
;__Lib_GPIO_32F10x.c, 161 :: 		
0x02D2	0xF0050301  AND	R3, R5, #1
0x02D6	0xB10B    CBZ	R3, L_GPIO_Config24
;__Lib_GPIO_32F10x.c, 162 :: 		
0x02D8	0x2100    MOVS	R1, #0
0x02DA	0xE01D    B	L_GPIO_Config25
L_GPIO_Config24:
;__Lib_GPIO_32F10x.c, 163 :: 		
0x02DC	0xF0050302  AND	R3, R5, #2
0x02E0	0xB133    CBZ	R3, L_GPIO_Config26
; currentmode end address is: 4 (R1)
;__Lib_GPIO_32F10x.c, 164 :: 		
0x02E2	0xF40573C0  AND	R3, R5, #384
0x02E6	0xB10B    CBZ	R3, L_GPIO_Config27
;__Lib_GPIO_32F10x.c, 165 :: 		
; currentmode start address is: 4 (R1)
0x02E8	0x2108    MOVS	R1, #8
; currentmode end address is: 4 (R1)
0x02EA	0xE000    B	L_GPIO_Config28
L_GPIO_Config27:
;__Lib_GPIO_32F10x.c, 167 :: 		
; currentmode start address is: 4 (R1)
0x02EC	0x2104    MOVS	R1, #4
; currentmode end address is: 4 (R1)
L_GPIO_Config28:
;__Lib_GPIO_32F10x.c, 168 :: 		
; currentmode start address is: 4 (R1)
0x02EE	0xE013    B	L_GPIO_Config29
L_GPIO_Config26:
;__Lib_GPIO_32F10x.c, 169 :: 		
0x02F0	0xF0050304  AND	R3, R5, #4
0x02F4	0xB133    CBZ	R3, L_GPIO_Config30
; currentmode end address is: 4 (R1)
;__Lib_GPIO_32F10x.c, 170 :: 		
0x02F6	0xF0050320  AND	R3, R5, #32
0x02FA	0xB10B    CBZ	R3, L_GPIO_Config31
;__Lib_GPIO_32F10x.c, 171 :: 		
; currentmode start address is: 4 (R1)
0x02FC	0x2104    MOVS	R1, #4
; currentmode end address is: 4 (R1)
0x02FE	0xE000    B	L_GPIO_Config32
L_GPIO_Config31:
;__Lib_GPIO_32F10x.c, 173 :: 		
; currentmode start address is: 4 (R1)
0x0300	0x2100    MOVS	R1, #0
; currentmode end address is: 4 (R1)
L_GPIO_Config32:
;__Lib_GPIO_32F10x.c, 174 :: 		
; currentmode start address is: 4 (R1)
0x0302	0xE009    B	L_GPIO_Config33
L_GPIO_Config30:
;__Lib_GPIO_32F10x.c, 175 :: 		
0x0304	0xF0050308  AND	R3, R5, #8
0x0308	0xB133    CBZ	R3, L__GPIO_Config100
; currentmode end address is: 4 (R1)
;__Lib_GPIO_32F10x.c, 176 :: 		
0x030A	0xF0050320  AND	R3, R5, #32
0x030E	0xB10B    CBZ	R3, L_GPIO_Config35
;__Lib_GPIO_32F10x.c, 177 :: 		
; currentmode start address is: 4 (R1)
0x0310	0x210C    MOVS	R1, #12
; currentmode end address is: 4 (R1)
0x0312	0xE000    B	L_GPIO_Config36
L_GPIO_Config35:
;__Lib_GPIO_32F10x.c, 179 :: 		
; currentmode start address is: 4 (R1)
0x0314	0x2108    MOVS	R1, #8
; currentmode end address is: 4 (R1)
L_GPIO_Config36:
;__Lib_GPIO_32F10x.c, 180 :: 		
; currentmode start address is: 4 (R1)
; currentmode end address is: 4 (R1)
0x0316	0xE7FF    B	L_GPIO_Config34
L__GPIO_Config100:
;__Lib_GPIO_32F10x.c, 175 :: 		
;__Lib_GPIO_32F10x.c, 180 :: 		
L_GPIO_Config34:
; currentmode start address is: 4 (R1)
; currentmode end address is: 4 (R1)
L_GPIO_Config33:
; currentmode start address is: 4 (R1)
; currentmode end address is: 4 (R1)
L_GPIO_Config29:
; currentmode start address is: 4 (R1)
; currentmode end address is: 4 (R1)
L_GPIO_Config25:
;__Lib_GPIO_32F10x.c, 182 :: 		
; currentmode start address is: 4 (R1)
0x0318	0x4B4E    LDR	R3, [PC, #312]
0x031A	0xEA050303  AND	R3, R5, R3, LSL #0
0x031E	0xB10B    CBZ	R3, L_GPIO_Config37
;__Lib_GPIO_32F10x.c, 183 :: 		
0x0320	0x2003    MOVS	R0, #3
0x0322	0xE009    B	L_GPIO_Config38
L_GPIO_Config37:
;__Lib_GPIO_32F10x.c, 184 :: 		
0x0324	0xF4057300  AND	R3, R5, #512
0x0328	0xB10B    CBZ	R3, L_GPIO_Config39
;__Lib_GPIO_32F10x.c, 185 :: 		
0x032A	0x2002    MOVS	R0, #2
0x032C	0xE004    B	L_GPIO_Config40
L_GPIO_Config39:
;__Lib_GPIO_32F10x.c, 186 :: 		
0x032E	0xF4056380  AND	R3, R5, #1024
0x0332	0xB10B    CBZ	R3, L__GPIO_Config101
;__Lib_GPIO_32F10x.c, 187 :: 		
0x0334	0x2001    MOVS	R0, #1
; speed end address is: 0 (R0)
0x0336	0xE7FF    B	L_GPIO_Config41
L__GPIO_Config101:
;__Lib_GPIO_32F10x.c, 186 :: 		
;__Lib_GPIO_32F10x.c, 187 :: 		
L_GPIO_Config41:
; speed start address is: 0 (R0)
; speed end address is: 0 (R0)
L_GPIO_Config40:
; speed start address is: 0 (R0)
; speed end address is: 0 (R0)
L_GPIO_Config38:
;__Lib_GPIO_32F10x.c, 189 :: 		
; speed start address is: 0 (R0)
;__Lib_GPIO_32F10x.c, 195 :: 		
0x0338	0xF005030C  AND	R3, R5, #12
0x033C	0xB10B    CBZ	R3, L__GPIO_Config102
;__Lib_GPIO_32F10x.c, 198 :: 		
0x033E	0x4301    ORRS	R1, R0
; speed end address is: 0 (R0)
; currentmode end address is: 4 (R1)
;__Lib_GPIO_32F10x.c, 199 :: 		
0x0340	0xE7FF    B	L_GPIO_Config42
L__GPIO_Config102:
;__Lib_GPIO_32F10x.c, 195 :: 		
;__Lib_GPIO_32F10x.c, 199 :: 		
L_GPIO_Config42:
;__Lib_GPIO_32F10x.c, 201 :: 		
; currentmode start address is: 4 (R1)
0x0342	0xF00403FF  AND	R3, R4, #255
0x0346	0xB29B    UXTH	R3, R3
0x0348	0x2B00    CMP	R3, #0
0x034A	0xD03B    BEQ	L__GPIO_Config104
;__Lib_GPIO_32F10x.c, 202 :: 		
0x034C	0x6837    LDR	R7, [R6, #0]
; tmpreg start address is: 28 (R7)
;__Lib_GPIO_32F10x.c, 204 :: 		
; pinpos start address is: 0 (R0)
0x034E	0x2000    MOVS	R0, #0
; pin_mask end address is: 16 (R4)
; config end address is: 20 (R5)
; currentmode end address is: 4 (R1)
; tmpreg end address is: 28 (R7)
; pinpos end address is: 0 (R0)
; port end address is: 24 (R6)
0x0350	0xFA1FF884  UXTH	R8, R4
0x0354	0x4632    MOV	R2, R6
0x0356	0x462E    MOV	R6, R5
L_GPIO_Config44:
; pinpos start address is: 0 (R0)
; tmpreg start address is: 28 (R7)
; currentmode start address is: 4 (R1)
; port start address is: 8 (R2)
; config start address is: 24 (R6)
; pin_mask start address is: 32 (R8)
0x0358	0x2808    CMP	R0, #8
0x035A	0xD22C    BCS	L_GPIO_Config45
;__Lib_GPIO_32F10x.c, 206 :: 		
0x035C	0xF04F0301  MOV	R3, #1
0x0360	0xFA03F400  LSL	R4, R3, R0
;__Lib_GPIO_32F10x.c, 208 :: 		
0x0364	0xEA080304  AND	R3, R8, R4, LSL #0
;__Lib_GPIO_32F10x.c, 210 :: 		
0x0368	0x42A3    CMP	R3, R4
0x036A	0xD122    BNE	L__GPIO_Config103
;__Lib_GPIO_32F10x.c, 212 :: 		
0x036C	0x0085    LSLS	R5, R0, #2
;__Lib_GPIO_32F10x.c, 214 :: 		
0x036E	0xF04F030F  MOV	R3, #15
0x0372	0x40AB    LSLS	R3, R5
;__Lib_GPIO_32F10x.c, 215 :: 		
0x0374	0x43DB    MVN	R3, R3
0x0376	0xEA070403  AND	R4, R7, R3, LSL #0
; tmpreg end address is: 28 (R7)
;__Lib_GPIO_32F10x.c, 218 :: 		
0x037A	0xFA01F305  LSL	R3, R1, R5
0x037E	0xEA440303  ORR	R3, R4, R3, LSL #0
; tmpreg start address is: 20 (R5)
0x0382	0x461D    MOV	R5, R3
;__Lib_GPIO_32F10x.c, 221 :: 		
0x0384	0xF4067381  AND	R3, R6, #258
0x0388	0xF5B37F81  CMP	R3, #258
0x038C	0xD105    BNE	L_GPIO_Config48
;__Lib_GPIO_32F10x.c, 223 :: 		
0x038E	0xF2020414  ADDW	R4, R2, #20
0x0392	0xF04F0301  MOV	R3, #1
0x0396	0x4083    LSLS	R3, R0
0x0398	0x6023    STR	R3, [R4, #0]
;__Lib_GPIO_32F10x.c, 224 :: 		
L_GPIO_Config48:
;__Lib_GPIO_32F10x.c, 226 :: 		
0x039A	0xF0060382  AND	R3, R6, #130
0x039E	0x2B82    CMP	R3, #130
0x03A0	0xD105    BNE	L_GPIO_Config49
;__Lib_GPIO_32F10x.c, 228 :: 		
0x03A2	0xF2020410  ADDW	R4, R2, #16
0x03A6	0xF04F0301  MOV	R3, #1
0x03AA	0x4083    LSLS	R3, R0
0x03AC	0x6023    STR	R3, [R4, #0]
;__Lib_GPIO_32F10x.c, 229 :: 		
L_GPIO_Config49:
;__Lib_GPIO_32F10x.c, 230 :: 		
0x03AE	0x462F    MOV	R7, R5
0x03B0	0xE7FF    B	L_GPIO_Config47
; tmpreg end address is: 20 (R5)
L__GPIO_Config103:
;__Lib_GPIO_32F10x.c, 210 :: 		
;__Lib_GPIO_32F10x.c, 230 :: 		
L_GPIO_Config47:
;__Lib_GPIO_32F10x.c, 204 :: 		
; tmpreg start address is: 28 (R7)
0x03B2	0x1C40    ADDS	R0, R0, #1
;__Lib_GPIO_32F10x.c, 231 :: 		
; pinpos end address is: 0 (R0)
0x03B4	0xE7D0    B	L_GPIO_Config44
L_GPIO_Config45:
;__Lib_GPIO_32F10x.c, 232 :: 		
0x03B6	0x6017    STR	R7, [R2, #0]
; currentmode end address is: 4 (R1)
; port end address is: 8 (R2)
; config end address is: 24 (R6)
; pin_mask end address is: 32 (R8)
; tmpreg end address is: 28 (R7)
0x03B8	0xFA1FF088  UXTH	R0, R8
0x03BC	0x460F    MOV	R7, R1
0x03BE	0x4631    MOV	R1, R6
0x03C0	0x4616    MOV	R6, R2
;__Lib_GPIO_32F10x.c, 234 :: 		
0x03C2	0xE002    B	L_GPIO_Config43
L__GPIO_Config104:
;__Lib_GPIO_32F10x.c, 201 :: 		
0x03C4	0x460F    MOV	R7, R1
0x03C6	0x4629    MOV	R1, R5
0x03C8	0xB2A0    UXTH	R0, R4
;__Lib_GPIO_32F10x.c, 234 :: 		
L_GPIO_Config43:
;__Lib_GPIO_32F10x.c, 238 :: 		
; currentmode start address is: 28 (R7)
; port start address is: 24 (R6)
; config start address is: 4 (R1)
; pin_mask start address is: 0 (R0)
0x03CA	0xF1B00FFF  CMP	R0, #255
0x03CE	0xD939    BLS	L_GPIO_Config50
;__Lib_GPIO_32F10x.c, 240 :: 		
0x03D0	0x1D33    ADDS	R3, R6, #4
0x03D2	0xF8D38000  LDR	R8, [R3, #0]
; tmpreg start address is: 32 (R8)
;__Lib_GPIO_32F10x.c, 241 :: 		
; pinpos start address is: 8 (R2)
0x03D6	0x2200    MOVS	R2, #0
; port end address is: 24 (R6)
; tmpreg end address is: 32 (R8)
; pinpos end address is: 8 (R2)
L_GPIO_Config51:
; pinpos start address is: 8 (R2)
; tmpreg start address is: 32 (R8)
; pin_mask start address is: 0 (R0)
; pin_mask end address is: 0 (R0)
; config start address is: 4 (R1)
; config end address is: 4 (R1)
; port start address is: 24 (R6)
; currentmode start address is: 28 (R7)
; currentmode end address is: 28 (R7)
0x03D8	0x2A08    CMP	R2, #8
0x03DA	0xD230    BCS	L_GPIO_Config52
; pin_mask end address is: 0 (R0)
; config end address is: 4 (R1)
; currentmode end address is: 28 (R7)
;__Lib_GPIO_32F10x.c, 243 :: 		
; currentmode start address is: 28 (R7)
; config start address is: 4 (R1)
; pin_mask start address is: 0 (R0)
0x03DC	0xF2020408  ADDW	R4, R2, #8
0x03E0	0xF04F0301  MOV	R3, #1
0x03E4	0xFA03F404  LSL	R4, R3, R4
;__Lib_GPIO_32F10x.c, 245 :: 		
0x03E8	0xEA000304  AND	R3, R0, R4, LSL #0
;__Lib_GPIO_32F10x.c, 246 :: 		
0x03EC	0x42A3    CMP	R3, R4
0x03EE	0xD124    BNE	L__GPIO_Config105
;__Lib_GPIO_32F10x.c, 248 :: 		
0x03F0	0x0095    LSLS	R5, R2, #2
;__Lib_GPIO_32F10x.c, 250 :: 		
0x03F2	0xF04F030F  MOV	R3, #15
0x03F6	0x40AB    LSLS	R3, R5
;__Lib_GPIO_32F10x.c, 251 :: 		
0x03F8	0x43DB    MVN	R3, R3
0x03FA	0xEA080803  AND	R8, R8, R3, LSL #0
; tmpreg end address is: 32 (R8)
;__Lib_GPIO_32F10x.c, 254 :: 		
0x03FE	0xFA07F305  LSL	R3, R7, R5
0x0402	0xEA480803  ORR	R8, R8, R3, LSL #0
; tmpreg start address is: 32 (R8)
;__Lib_GPIO_32F10x.c, 257 :: 		
0x0406	0xF4017381  AND	R3, R1, #258
0x040A	0xF5B37F81  CMP	R3, #258
0x040E	0xD107    BNE	L_GPIO_Config55
;__Lib_GPIO_32F10x.c, 259 :: 		
0x0410	0xF2060514  ADDW	R5, R6, #20
0x0414	0xF2020408  ADDW	R4, R2, #8
0x0418	0xF04F0301  MOV	R3, #1
0x041C	0x40A3    LSLS	R3, R4
0x041E	0x602B    STR	R3, [R5, #0]
;__Lib_GPIO_32F10x.c, 260 :: 		
L_GPIO_Config55:
;__Lib_GPIO_32F10x.c, 262 :: 		
0x0420	0xF0010382  AND	R3, R1, #130
0x0424	0x2B82    CMP	R3, #130
0x0426	0xD107    BNE	L_GPIO_Config56
;__Lib_GPIO_32F10x.c, 264 :: 		
0x0428	0xF2060510  ADDW	R5, R6, #16
0x042C	0xF2020408  ADDW	R4, R2, #8
0x0430	0xF04F0301  MOV	R3, #1
0x0434	0x40A3    LSLS	R3, R4
0x0436	0x602B    STR	R3, [R5, #0]
;__Lib_GPIO_32F10x.c, 265 :: 		
L_GPIO_Config56:
;__Lib_GPIO_32F10x.c, 266 :: 		
0x0438	0xE7FF    B	L_GPIO_Config54
; tmpreg end address is: 32 (R8)
L__GPIO_Config105:
;__Lib_GPIO_32F10x.c, 246 :: 		
;__Lib_GPIO_32F10x.c, 266 :: 		
L_GPIO_Config54:
;__Lib_GPIO_32F10x.c, 241 :: 		
; tmpreg start address is: 32 (R8)
0x043A	0x1C52    ADDS	R2, R2, #1
;__Lib_GPIO_32F10x.c, 267 :: 		
; pin_mask end address is: 0 (R0)
; config end address is: 4 (R1)
; currentmode end address is: 28 (R7)
; pinpos end address is: 8 (R2)
0x043C	0xE7CC    B	L_GPIO_Config51
L_GPIO_Config52:
;__Lib_GPIO_32F10x.c, 268 :: 		
0x043E	0x1D33    ADDS	R3, R6, #4
; port end address is: 24 (R6)
0x0440	0xF8C38000  STR	R8, [R3, #0]
; tmpreg end address is: 32 (R8)
;__Lib_GPIO_32F10x.c, 269 :: 		
L_GPIO_Config50:
;__Lib_GPIO_32F10x.c, 270 :: 		
L_end_GPIO_Config:
0x0444	0xF8DDE000  LDR	LR, [SP, #0]
0x0448	0xB001    ADD	SP, SP, #4
0x044A	0x4770    BX	LR
0x044C	0xFC00FFFF  	#-1024
0x0450	0x00140008  	#524308
0x0454	0x08000008  	#526336
; end of _GPIO_Config
_GPIO_Clk_Enable:
;__Lib_GPIO_32F10x.c, 83 :: 		
; gpio_port start address is: 0 (R0)
0x0150	0xB081    SUB	SP, SP, #4
; gpio_port end address is: 0 (R0)
; gpio_port start address is: 0 (R0)
;__Lib_GPIO_32F10x.c, 85 :: 		
0x0152	0x4919    LDR	R1, [PC, #100]
0x0154	0xEA000101  AND	R1, R0, R1, LSL #0
; gpio_port end address is: 0 (R0)
; prt start address is: 0 (R0)
0x0158	0x4608    MOV	R0, R1
;__Lib_GPIO_32F10x.c, 86 :: 		
; pos start address is: 8 (R2)
0x015A	0x2200    MOVS	R2, #0
;__Lib_GPIO_32F10x.c, 87 :: 		
0x015C	0xE00E    B	L_GPIO_Clk_Enable0
; prt end address is: 0 (R0)
; pos end address is: 8 (R2)
;__Lib_GPIO_32F10x.c, 88 :: 		
L_GPIO_Clk_Enable2:
; pos start address is: 0 (R0)
0x015E	0x2004    MOVS	R0, #4
; pos end address is: 0 (R0)
0x0160	0xE022    B	L_GPIO_Clk_Enable1
;__Lib_GPIO_32F10x.c, 89 :: 		
L_GPIO_Clk_Enable3:
; pos start address is: 0 (R0)
0x0162	0x2008    MOVS	R0, #8
; pos end address is: 0 (R0)
0x0164	0xE020    B	L_GPIO_Clk_Enable1
;__Lib_GPIO_32F10x.c, 90 :: 		
L_GPIO_Clk_Enable4:
; pos start address is: 0 (R0)
0x0166	0x2010    MOVS	R0, #16
; pos end address is: 0 (R0)
0x0168	0xE01E    B	L_GPIO_Clk_Enable1
;__Lib_GPIO_32F10x.c, 91 :: 		
L_GPIO_Clk_Enable5:
; pos start address is: 0 (R0)
0x016A	0x2020    MOVS	R0, #32
; pos end address is: 0 (R0)
0x016C	0xE01C    B	L_GPIO_Clk_Enable1
;__Lib_GPIO_32F10x.c, 92 :: 		
L_GPIO_Clk_Enable6:
; pos start address is: 0 (R0)
0x016E	0x2040    MOVS	R0, #64
; pos end address is: 0 (R0)
0x0170	0xE01A    B	L_GPIO_Clk_Enable1
;__Lib_GPIO_32F10x.c, 93 :: 		
L_GPIO_Clk_Enable7:
; pos start address is: 0 (R0)
0x0172	0x2080    MOVS	R0, #128
; pos end address is: 0 (R0)
0x0174	0xE018    B	L_GPIO_Clk_Enable1
;__Lib_GPIO_32F10x.c, 94 :: 		
L_GPIO_Clk_Enable8:
; pos start address is: 0 (R0)
0x0176	0xF2401000  MOVW	R0, #256
; pos end address is: 0 (R0)
0x017A	0xE015    B	L_GPIO_Clk_Enable1
;__Lib_GPIO_32F10x.c, 95 :: 		
L_GPIO_Clk_Enable0:
; pos start address is: 8 (R2)
; prt start address is: 0 (R0)
0x017C	0x490F    LDR	R1, [PC, #60]
0x017E	0x4288    CMP	R0, R1
0x0180	0xD0ED    BEQ	L_GPIO_Clk_Enable2
0x0182	0x490F    LDR	R1, [PC, #60]
0x0184	0x4288    CMP	R0, R1
0x0186	0xD0EC    BEQ	L_GPIO_Clk_Enable3
0x0188	0x490E    LDR	R1, [PC, #56]
0x018A	0x4288    CMP	R0, R1
0x018C	0xD0EB    BEQ	L_GPIO_Clk_Enable4
0x018E	0x490E    LDR	R1, [PC, #56]
0x0190	0x4288    CMP	R0, R1
0x0192	0xD0EA    BEQ	L_GPIO_Clk_Enable5
0x0194	0x490D    LDR	R1, [PC, #52]
0x0196	0x4288    CMP	R0, R1
0x0198	0xD0E9    BEQ	L_GPIO_Clk_Enable6
0x019A	0x490D    LDR	R1, [PC, #52]
0x019C	0x4288    CMP	R0, R1
0x019E	0xD0E8    BEQ	L_GPIO_Clk_Enable7
0x01A0	0x490C    LDR	R1, [PC, #48]
0x01A2	0x4288    CMP	R0, R1
0x01A4	0xD0E7    BEQ	L_GPIO_Clk_Enable8
; prt end address is: 0 (R0)
; pos end address is: 8 (R2)
0x01A6	0x4610    MOV	R0, R2
L_GPIO_Clk_Enable1:
;__Lib_GPIO_32F10x.c, 97 :: 		
; pos start address is: 0 (R0)
0x01A8	0x490B    LDR	R1, [PC, #44]
0x01AA	0x6809    LDR	R1, [R1, #0]
0x01AC	0xEA410200  ORR	R2, R1, R0, LSL #0
; pos end address is: 0 (R0)
0x01B0	0x4909    LDR	R1, [PC, #36]
0x01B2	0x600A    STR	R2, [R1, #0]
;__Lib_GPIO_32F10x.c, 98 :: 		
L_end_GPIO_Clk_Enable:
0x01B4	0xB001    ADD	SP, SP, #4
0x01B6	0x4770    BX	LR
0x01B8	0xFC00FFFF  	#-1024
0x01BC	0x08004001  	#1073809408
0x01C0	0x0C004001  	#1073810432
0x01C4	0x10004001  	#1073811456
0x01C8	0x14004001  	#1073812480
0x01CC	0x18004001  	#1073813504
0x01D0	0x1C004001  	#1073814528
0x01D4	0x20004001  	#1073815552
0x01D8	0x10184002  	RCC_APB2ENR+0
; end of _GPIO_Clk_Enable
_Sound_Init:
;__Lib_Sound.c, 10 :: 		
; snd_pin start address is: 4 (R1)
; snd_port start address is: 0 (R0)
0x0560	0xB081    SUB	SP, SP, #4
0x0562	0xF8CDE000  STR	LR, [SP, #0]
0x0566	0x4683    MOV	R11, R0
0x0568	0x468C    MOV	R12, R1
; snd_pin end address is: 4 (R1)
; snd_port end address is: 0 (R0)
; snd_port start address is: 44 (R11)
; snd_pin start address is: 48 (R12)
;__Lib_Sound.c, 14 :: 		
0x056A	0x2201    MOVS	R2, #1
0x056C	0xB212    SXTH	R2, R2
0x056E	0xFA02F20C  LSL	R2, R2, R12
0x0572	0xB212    SXTH	R2, R2
0x0574	0xB211    SXTH	R1, R2
0x0576	0x4658    MOV	R0, R11
0x0578	0xF7FFFE66  BL	_GPIO_Digital_Output+0
;__Lib_Sound.c, 17 :: 		
0x057C	0x4A0B    LDR	R2, [PC, #44]
0x057E	0xF8C2B000  STR	R11, [R2, #0]
;__Lib_Sound.c, 20 :: 		
0x0582	0x2201    MOVS	R2, #1
0x0584	0xB212    SXTH	R2, R2
0x0586	0xFA02F30C  LSL	R3, R2, R12
0x058A	0xB21B    SXTH	R3, R3
; snd_pin end address is: 48 (R12)
0x058C	0x4A08    LDR	R2, [PC, #32]
0x058E	0x6013    STR	R3, [R2, #0]
;__Lib_Sound.c, 21 :: 		
0x0590	0x6812    LDR	R2, [R2, #0]
0x0592	0x43D3    MVN	R3, R2
0x0594	0x4A07    LDR	R2, [PC, #28]
0x0596	0x6013    STR	R3, [R2, #0]
;__Lib_Sound.c, 26 :: 		
0x0598	0xF8DB2000  LDR	R2, [R11, #0]
0x059C	0x401A    ANDS	R2, R3
0x059E	0xF8CB2000  STR	R2, [R11, #0]
; snd_port end address is: 44 (R11)
;__Lib_Sound.c, 27 :: 		
L_end_Sound_Init:
0x05A2	0xF8DDE000  LDR	LR, [SP, #0]
0x05A6	0xB001    ADD	SP, SP, #4
0x05A8	0x4770    BX	LR
0x05AA	0xBF00    NOP
0x05AC	0x00042000  	__Lib_Sound_soundPortAddr+0
0x05B0	0x00082000  	__Lib_Sound_pinMask1+0
0x05B4	0x000C2000  	__Lib_Sound_pinMask0+0
; end of _Sound_Init
_GPIO_Digital_Output:
;__Lib_GPIO_32F10x.c, 365 :: 		
; pin_mask start address is: 4 (R1)
; port start address is: 0 (R0)
0x0248	0xB081    SUB	SP, SP, #4
0x024A	0xF8CDE000  STR	LR, [SP, #0]
; pin_mask end address is: 4 (R1)
; port end address is: 0 (R0)
; port start address is: 0 (R0)
; pin_mask start address is: 4 (R1)
;__Lib_GPIO_32F10x.c, 366 :: 		
0x024E	0x4A04    LDR	R2, [PC, #16]
0x0250	0xB289    UXTH	R1, R1
; pin_mask end address is: 4 (R1)
; port end address is: 0 (R0)
0x0252	0xF000F807  BL	_GPIO_Config+0
;__Lib_GPIO_32F10x.c, 367 :: 		
L_end_GPIO_Digital_Output:
0x0256	0xF8DDE000  LDR	LR, [SP, #0]
0x025A	0xB001    ADD	SP, SP, #4
0x025C	0x4770    BX	LR
0x025E	0xBF00    NOP
0x0260	0x00140008  	#524308
; end of _GPIO_Digital_Output
_Sound_Play:
;__Lib_Sound.c, 30 :: 		
; duration_ms start address is: 4 (R1)
; freq_in_hz start address is: 0 (R0)
0x060C	0xB081    SUB	SP, SP, #4
0x060E	0xF8CDE000  STR	LR, [SP, #0]
0x0612	0xB28C    UXTH	R4, R1
0x0614	0xB281    UXTH	R1, R0
; duration_ms end address is: 4 (R1)
; freq_in_hz end address is: 0 (R0)
; freq_in_hz start address is: 4 (R1)
; duration_ms start address is: 16 (R4)
;__Lib_Sound.c, 35 :: 		
0x0616	0xF7FFFDE1  BL	_Get_Fosc_kHz+0
0x061A	0xF24032E8  MOVW	R2, #1000
0x061E	0x4342    MULS	R2, R0, R2
;__Lib_Sound.c, 36 :: 		
0x0620	0xFBB2F1F1  UDIV	R1, R2, R1
; freq_in_hz end address is: 4 (R1)
;__Lib_Sound.c, 37 :: 		
0x0624	0x0849    LSRS	R1, R1, #1
; nc start address is: 4 (R1)
;__Lib_Sound.c, 40 :: 		
0x0626	0xF7FFFDD9  BL	_Get_Fosc_kHz+0
0x062A	0xFB04F500  MUL	R5, R4, R0
; duration_ms end address is: 16 (R4)
0x062E	0x004A    LSLS	R2, R1, #1
0x0630	0xFBB5F5F2  UDIV	R5, R5, R2
; per_nc start address is: 20 (R5)
;__Lib_Sound.c, 42 :: 		
0x0634	0x220A    MOVS	R2, #10
0x0636	0xFBB1F1F2  UDIV	R1, R1, R2
; nc start address is: 4 (R1)
; nc end address is: 4 (R1)
; per_nc end address is: 20 (R5)
;__Lib_Sound.c, 45 :: 		
L_Sound_Play0:
; nc start address is: 4 (R1)
; nc end address is: 4 (R1)
; per_nc start address is: 20 (R5)
0x063A	0x2D00    CMP	R5, #0
0x063C	0xD919    BLS	L_Sound_Play1
; nc end address is: 4 (R1)
;__Lib_Sound.c, 47 :: 		
; nc start address is: 4 (R1)
0x063E	0x4C13    LDR	R4, [PC, #76]
0x0640	0x6822    LDR	R2, [R4, #0]
0x0642	0x6813    LDR	R3, [R2, #0]
0x0644	0x4A12    LDR	R2, [PC, #72]
0x0646	0x6812    LDR	R2, [R2, #0]
0x0648	0x4313    ORRS	R3, R2
0x064A	0x4622    MOV	R2, R4
0x064C	0x6812    LDR	R2, [R2, #0]
0x064E	0x6013    STR	R3, [R2, #0]
;__Lib_Sound.c, 48 :: 		
0x0650	0x4608    MOV	R0, R1
0x0652	0xF7FFFDED  BL	_Delay_Cyc+0
;__Lib_Sound.c, 51 :: 		
0x0656	0x4C0D    LDR	R4, [PC, #52]
0x0658	0x6822    LDR	R2, [R4, #0]
0x065A	0x6813    LDR	R3, [R2, #0]
0x065C	0x4A0D    LDR	R2, [PC, #52]
0x065E	0x6812    LDR	R2, [R2, #0]
0x0660	0x4013    ANDS	R3, R2
0x0662	0x4622    MOV	R2, R4
0x0664	0x6812    LDR	R2, [R2, #0]
0x0666	0x6013    STR	R3, [R2, #0]
;__Lib_Sound.c, 52 :: 		
0x0668	0x4608    MOV	R0, R1
0x066A	0xF7FFFDE1  BL	_Delay_Cyc+0
;__Lib_Sound.c, 53 :: 		
0x066E	0x1E6D    SUBS	R5, R5, #1
;__Lib_Sound.c, 54 :: 		
; nc end address is: 4 (R1)
; per_nc end address is: 20 (R5)
0x0670	0xE7E3    B	L_Sound_Play0
L_Sound_Play1:
;__Lib_Sound.c, 55 :: 		
0x0672	0x4C06    LDR	R4, [PC, #24]
0x0674	0x6822    LDR	R2, [R4, #0]
0x0676	0x6813    LDR	R3, [R2, #0]
0x0678	0x4A06    LDR	R2, [PC, #24]
0x067A	0x6812    LDR	R2, [R2, #0]
0x067C	0x4013    ANDS	R3, R2
0x067E	0x4622    MOV	R2, R4
0x0680	0x6812    LDR	R2, [R2, #0]
0x0682	0x6013    STR	R3, [R2, #0]
;__Lib_Sound.c, 56 :: 		
L_end_Sound_Play:
0x0684	0xF8DDE000  LDR	LR, [SP, #0]
0x0688	0xB001    ADD	SP, SP, #4
0x068A	0x4770    BX	LR
0x068C	0x00042000  	__Lib_Sound_soundPortAddr+0
0x0690	0x00082000  	__Lib_Sound_pinMask1+0
0x0694	0x000C2000  	__Lib_Sound_pinMask0+0
; end of _Sound_Play
_Get_Fosc_kHz:
;__Lib_Delays.c, 9 :: 		unsigned long Get_Fosc_kHz(){
;__Lib_Delays.c, 10 :: 		return __System_CLOCK_IN_KHZ;
0x01DC	0x4801    LDR	R0, [PC, #4]
0x01DE	0x6800    LDR	R0, [R0, #0]
;__Lib_Delays.c, 11 :: 		}
L_end_Get_Fosc_kHz:
0x01E0	0x4770    BX	LR
0x01E2	0xBF00    NOP
0x01E4	0x00002000  	___System_CLOCK_IN_KHZ+0
; end of _Get_Fosc_kHz
_Delay_Cyc:
;__Lib_Delays.c, 66 :: 		void Delay_Cyc(unsigned long cycles_div_by_10){  // Cycles_div_by_10 parameter range: min = 1, max = 4294967295
;__Lib_Delays.c, 68 :: 		asm nop;
0x0230	0xBF00    NOP
;__Lib_Delays.c, 71 :: 		nop.w
0x0232	0xF3AF8000  NOP
;__Lib_Delays.c, 72 :: 		subs R0,R0,#1
0x0236	0x1E40    SUBS	R0, R0, #1
;__Lib_Delays.c, 73 :: 		label1:
label1:
;__Lib_Delays.c, 74 :: 		subs R0,R0,#1
0x0238	0x1E40    SUBS	R0, R0, #1
;__Lib_Delays.c, 75 :: 		nop
0x023A	0xBF00    NOP
;__Lib_Delays.c, 76 :: 		nop
0x023C	0xBF00    NOP
;__Lib_Delays.c, 77 :: 		nop
0x023E	0xBF00    NOP
;__Lib_Delays.c, 78 :: 		nop
0x0240	0xBF00    NOP
;__Lib_Delays.c, 79 :: 		nop
0x0242	0xBF00    NOP
;__Lib_Delays.c, 80 :: 		nop
;__Lib_Delays.c, 81 :: 		nop
;__Lib_Delays.c, 82 :: 		bne label1
0x0244	0xD1F8    BNE	label1
;__Lib_Delays.c, 84 :: 		}
L_end_Delay_Cyc:
0x0246	0x4770    BX	LR
; end of _Delay_Cyc
_Button:
;__Lib_Button.c, 6 :: 		
; active_state start address is: 12 (R3)
; time_ms start address is: 8 (R2)
; pin start address is: 4 (R1)
; port start address is: 0 (R0)
0x06C8	0xB082    SUB	SP, SP, #8
0x06CA	0xF8CDE000  STR	LR, [SP, #0]
0x06CE	0x460D    MOV	R5, R1
0x06D0	0x4611    MOV	R1, R2
; active_state end address is: 12 (R3)
; time_ms end address is: 8 (R2)
; pin end address is: 4 (R1)
; port end address is: 0 (R0)
; port start address is: 0 (R0)
; pin start address is: 20 (R5)
; time_ms start address is: 4 (R1)
; active_state start address is: 12 (R3)
;__Lib_Button.c, 8 :: 		
; rslt start address is: 8 (R2)
0x06D2	0xF04F0200  MOV	R2, #0
;__Lib_Button.c, 11 :: 		
0x06D6	0x2401    MOVS	R4, #1
0x06D8	0xB224    SXTH	R4, R4
0x06DA	0x40AC    LSLS	R4, R5
0x06DC	0xB224    SXTH	R4, R4
; pin end address is: 20 (R5)
; pMask start address is: 20 (R5)
0x06DE	0xB225    SXTH	R5, R4
;__Lib_Button.c, 13 :: 		
0x06E0	0x6804    LDR	R4, [R0, #0]
0x06E2	0x402C    ANDS	R4, R5
0x06E4	0x2C00    CMP	R4, #0
0x06E6	0xF2400400  MOVW	R4, #0
0x06EA	0xD100    BNE	L__Button7
0x06EC	0x2401    MOVS	R4, #1
L__Button7:
0x06EE	0xB2E4    UXTB	R4, R4
0x06F0	0x405C    EORS	R4, R3
0x06F2	0xB1C4    CBZ	R4, L__Button5
; time_ms end address is: 4 (R1)
; pMask end address is: 20 (R5)
; rslt end address is: 8 (R2)
; active_state end address is: 12 (R3)
; port end address is: 0 (R0)
0x06F4	0x9501    STR	R5, [SP, #4]
0x06F6	0x460D    MOV	R5, R1
0x06F8	0x9901    LDR	R1, [SP, #4]
;__Lib_Button.c, 15 :: 		
L_Button1:
; pMask start address is: 4 (R1)
; rslt start address is: 8 (R2)
; active_state start address is: 12 (R3)
; time_ms start address is: 20 (R5)
; port start address is: 0 (R0)
0x06FA	0x2D00    CMP	R5, #0
0x06FC	0xD905    BLS	L_Button2
;__Lib_Button.c, 16 :: 		
0x06FE	0xF7FFFD7F  BL	_Delay_500us+0
;__Lib_Button.c, 17 :: 		
0x0702	0xF7FFFD7D  BL	_Delay_500us+0
;__Lib_Button.c, 18 :: 		
0x0706	0x1E6D    SUBS	R5, R5, #1
;__Lib_Button.c, 19 :: 		
; time_ms end address is: 20 (R5)
0x0708	0xE7F7    B	L_Button1
L_Button2:
;__Lib_Button.c, 21 :: 		
0x070A	0x6804    LDR	R4, [R0, #0]
; port end address is: 0 (R0)
0x070C	0x400C    ANDS	R4, R1
; pMask end address is: 4 (R1)
0x070E	0x2C00    CMP	R4, #0
0x0710	0xF2400400  MOVW	R4, #0
0x0714	0xD100    BNE	L__Button8
0x0716	0x2401    MOVS	R4, #1
L__Button8:
0x0718	0xB2E4    UXTB	R4, R4
0x071A	0x405C    EORS	R4, R3
; active_state end address is: 12 (R3)
0x071C	0xB10C    CBZ	R4, L__Button4
; rslt end address is: 8 (R2)
;__Lib_Button.c, 22 :: 		
; rslt start address is: 0 (R0)
0x071E	0x20FF    MOVS	R0, #255
; rslt end address is: 0 (R0)
0x0720	0xE000    B	L_Button3
L__Button4:
;__Lib_Button.c, 21 :: 		
0x0722	0x4610    MOV	R0, R2
;__Lib_Button.c, 22 :: 		
L_Button3:
;__Lib_Button.c, 23 :: 		
; rslt start address is: 0 (R0)
; rslt end address is: 0 (R0)
0x0724	0xE000    B	L_Button0
L__Button5:
;__Lib_Button.c, 13 :: 		
0x0726	0x4610    MOV	R0, R2
;__Lib_Button.c, 23 :: 		
L_Button0:
;__Lib_Button.c, 25 :: 		
; rslt start address is: 0 (R0)
0x0728	0xB280    UXTH	R0, R0
; rslt end address is: 0 (R0)
;__Lib_Button.c, 26 :: 		
L_end_Button:
0x072A	0xF8DDE000  LDR	LR, [SP, #0]
0x072E	0xB002    ADD	SP, SP, #8
0x0730	0x4770    BX	LR
; end of _Button
_Delay_500us:
;__Lib_Delays.c, 33 :: 		void Delay_500us() {
;__Lib_Delays.c, 34 :: 		Delay_us(498);
0x0200	0xF2417757  MOVW	R7, #5975
0x0204	0xF2C00700  MOVT	R7, #0
L_Delay_500us10:
0x0208	0x1E7F    SUBS	R7, R7, #1
0x020A	0xD1FD    BNE	L_Delay_500us10
0x020C	0xBF00    NOP
0x020E	0xBF00    NOP
0x0210	0xBF00    NOP
0x0212	0xBF00    NOP
0x0214	0xBF00    NOP
;__Lib_Delays.c, 35 :: 		}
L_end_Delay_500us:
0x0216	0x4770    BX	LR
; end of _Delay_500us
_Tone1:
;Sound.c, 29 :: 		void Tone1() {
0x06B0	0xB081    SUB	SP, SP, #4
0x06B2	0xF8CDE000  STR	LR, [SP, #0]
;Sound.c, 30 :: 		Sound_Play(659, 250);   // Frequency = 659Hz, duration = 250ms
0x06B6	0x21FA    MOVS	R1, #250
0x06B8	0xF2402093  MOVW	R0, #659
0x06BC	0xF7FFFFA6  BL	_Sound_Play+0
;Sound.c, 31 :: 		}
L_end_Tone1:
0x06C0	0xF8DDE000  LDR	LR, [SP, #0]
0x06C4	0xB001    ADD	SP, SP, #4
0x06C6	0x4770    BX	LR
; end of _Tone1
_Tone2:
;Sound.c, 33 :: 		void Tone2() {
0x0698	0xB081    SUB	SP, SP, #4
0x069A	0xF8CDE000  STR	LR, [SP, #0]
;Sound.c, 34 :: 		Sound_Play(698, 250);   // Frequency = 698Hz, duration = 250ms
0x069E	0x21FA    MOVS	R1, #250
0x06A0	0xF24020BA  MOVW	R0, #698
0x06A4	0xF7FFFFB2  BL	_Sound_Play+0
;Sound.c, 35 :: 		}
L_end_Tone2:
0x06A8	0xF8DDE000  LDR	LR, [SP, #0]
0x06AC	0xB001    ADD	SP, SP, #4
0x06AE	0x4770    BX	LR
; end of _Tone2
_Tone3:
;Sound.c, 37 :: 		void Tone3() {
0x0498	0xB081    SUB	SP, SP, #4
0x049A	0xF8CDE000  STR	LR, [SP, #0]
;Sound.c, 38 :: 		Sound_Play(784, 250);   // Frequency = 784Hz, duration = 250ms
0x049E	0x21FA    MOVS	R1, #250
0x04A0	0xF2403010  MOVW	R0, #784
0x04A4	0xF000F8B2  BL	_Sound_Play+0
;Sound.c, 39 :: 		}
L_end_Tone3:
0x04A8	0xF8DDE000  LDR	LR, [SP, #0]
0x04AC	0xB001    ADD	SP, SP, #4
0x04AE	0x4770    BX	LR
; end of _Tone3
_Melody2:
;Sound.c, 63 :: 		void Melody2() {
0x0470	0xB081    SUB	SP, SP, #4
0x0472	0xF8CDE000  STR	LR, [SP, #0]
;Sound.c, 65 :: 		for (i = 9; i > 0; i--) {
; i start address is: 24 (R6)
0x0476	0x2609    MOVS	R6, #9
; i end address is: 24 (R6)
L_Melody20:
; i start address is: 24 (R6)
0x0478	0x2E00    CMP	R6, #0
0x047A	0xD908    BLS	L_Melody21
;Sound.c, 66 :: 		ToneA(); ToneC(); ToneE();
0x047C	0xF7FFFECC  BL	_ToneA+0
0x0480	0xF7FFFEB2  BL	_ToneC+0
0x0484	0xF7FFFFE8  BL	_ToneE+0
;Sound.c, 65 :: 		for (i = 9; i > 0; i--) {
0x0488	0x1E76    SUBS	R6, R6, #1
0x048A	0xB2F6    UXTB	R6, R6
;Sound.c, 67 :: 		}
; i end address is: 24 (R6)
0x048C	0xE7F4    B	L_Melody20
L_Melody21:
;Sound.c, 68 :: 		}
L_end_Melody2:
0x048E	0xF8DDE000  LDR	LR, [SP, #0]
0x0492	0xB001    ADD	SP, SP, #4
0x0494	0x4770    BX	LR
; end of _Melody2
_ToneA:
;Sound.c, 49 :: 		void ToneA() {
0x0218	0xB081    SUB	SP, SP, #4
0x021A	0xF8CDE000  STR	LR, [SP, #0]
;Sound.c, 50 :: 		Sound_Play( 880, 50);
0x021E	0x2132    MOVS	R1, #50
0x0220	0xF2403070  MOVW	R0, #880
0x0224	0xF000F9F2  BL	_Sound_Play+0
;Sound.c, 51 :: 		}
L_end_ToneA:
0x0228	0xF8DDE000  LDR	LR, [SP, #0]
0x022C	0xB001    ADD	SP, SP, #4
0x022E	0x4770    BX	LR
; end of _ToneA
_ToneC:
;Sound.c, 52 :: 		void ToneC() {
0x01E8	0xB081    SUB	SP, SP, #4
0x01EA	0xF8CDE000  STR	LR, [SP, #0]
;Sound.c, 53 :: 		Sound_Play(1046, 50);
0x01EE	0x2132    MOVS	R1, #50
0x01F0	0xF2404016  MOVW	R0, #1046
0x01F4	0xF000FA0A  BL	_Sound_Play+0
;Sound.c, 54 :: 		}
L_end_ToneC:
0x01F8	0xF8DDE000  LDR	LR, [SP, #0]
0x01FC	0xB001    ADD	SP, SP, #4
0x01FE	0x4770    BX	LR
; end of _ToneC
_ToneE:
;Sound.c, 55 :: 		void ToneE() {
0x0458	0xB081    SUB	SP, SP, #4
0x045A	0xF8CDE000  STR	LR, [SP, #0]
;Sound.c, 56 :: 		Sound_Play(1318, 50);
0x045E	0x2132    MOVS	R1, #50
0x0460	0xF2405026  MOVW	R0, #1318
0x0464	0xF000F8D2  BL	_Sound_Play+0
;Sound.c, 57 :: 		}
L_end_ToneE:
0x0468	0xF8DDE000  LDR	LR, [SP, #0]
0x046C	0xB001    ADD	SP, SP, #4
0x046E	0x4770    BX	LR
; end of _ToneE
_Melody:
;Sound.c, 59 :: 		void Melody() {           // Plays the melody "Yellow house"
0x051C	0xB081    SUB	SP, SP, #4
0x051E	0xF8CDE000  STR	LR, [SP, #0]
;Sound.c, 60 :: 		ToneA();ToneA();ToneA();ToneA();ToneA();ToneA();ToneA();ToneA();
0x0522	0xF7FFFE79  BL	_ToneA+0
0x0526	0xF7FFFE77  BL	_ToneA+0
0x052A	0xF7FFFE75  BL	_ToneA+0
0x052E	0xF7FFFE73  BL	_ToneA+0
0x0532	0xF7FFFE71  BL	_ToneA+0
0x0536	0xF7FFFE6F  BL	_ToneA+0
0x053A	0xF7FFFE6D  BL	_ToneA+0
0x053E	0xF7FFFE6B  BL	_ToneA+0
;Sound.c, 61 :: 		}
L_end_Melody:
0x0542	0xF8DDE000  LDR	LR, [SP, #0]
0x0546	0xB001    ADD	SP, SP, #4
0x0548	0x4770    BX	LR
; end of _Melody
___CC2DW:
;__Lib_System_105_107.c, 27 :: 		
0x054C	0xB081    SUB	SP, SP, #4
;__Lib_System_105_107.c, 29 :: 		
L_loopDW:
;__Lib_System_105_107.c, 30 :: 		
0x054E	0xF81C9B01  LDRB	R9, [R12], #1
;__Lib_System_105_107.c, 31 :: 		
0x0552	0xF80B9B01  STRB	R9, [R11], #1
;__Lib_System_105_107.c, 32 :: 		
0x0556	0xEBBB0F0A  CMP	R11, R10, LSL #0
;__Lib_System_105_107.c, 33 :: 		
0x055A	0xD1F8    BNE	L_loopDW
;__Lib_System_105_107.c, 35 :: 		
L_end___CC2DW:
0x055C	0xB001    ADD	SP, SP, #4
0x055E	0x4770    BX	LR
; end of ___CC2DW
__Lib_System_105_107_InitialSetUpRCCRCC2:
;__Lib_System_105_107.c, 374 :: 		
0x0750	0xB081    SUB	SP, SP, #4
0x0752	0xF8CDE000  STR	LR, [SP, #0]
;__Lib_System_105_107.c, 377 :: 		
; ulRCC_CR start address is: 8 (R2)
0x0756	0x4A46    LDR	R2, [PC, #280]
;__Lib_System_105_107.c, 378 :: 		
; ulRCC_CFGR start address is: 12 (R3)
0x0758	0x4B46    LDR	R3, [PC, #280]
;__Lib_System_105_107.c, 379 :: 		
; ulRCC_CFGR2 start address is: 16 (R4)
0x075A	0x4C47    LDR	R4, [PC, #284]
;__Lib_System_105_107.c, 380 :: 		
; Fosc_kHz start address is: 4 (R1)
0x075C	0x4947    LDR	R1, [PC, #284]
;__Lib_System_105_107.c, 387 :: 		
0x075E	0xF64B3080  MOVW	R0, #48000
0x0762	0x4281    CMP	R1, R0
0x0764	0xD906    BLS	L___Lib_System_105_107_InitialSetUpRCCRCC231
; Fosc_kHz end address is: 4 (R1)
;__Lib_System_105_107.c, 388 :: 		
0x0766	0x4846    LDR	R0, [PC, #280]
0x0768	0x6800    LDR	R0, [R0, #0]
0x076A	0xF0400102  ORR	R1, R0, #2
0x076E	0x4844    LDR	R0, [PC, #272]
0x0770	0x6001    STR	R1, [R0, #0]
0x0772	0xE011    B	L___Lib_System_105_107_InitialSetUpRCCRCC232
L___Lib_System_105_107_InitialSetUpRCCRCC231:
;__Lib_System_105_107.c, 389 :: 		
; Fosc_kHz start address is: 4 (R1)
0x0774	0xF64550C0  MOVW	R0, #24000
0x0778	0x4281    CMP	R1, R0
0x077A	0xD906    BLS	L___Lib_System_105_107_InitialSetUpRCCRCC233
; Fosc_kHz end address is: 4 (R1)
;__Lib_System_105_107.c, 390 :: 		
0x077C	0x4840    LDR	R0, [PC, #256]
0x077E	0x6800    LDR	R0, [R0, #0]
0x0780	0xF0400101  ORR	R1, R0, #1
0x0784	0x483E    LDR	R0, [PC, #248]
0x0786	0x6001    STR	R1, [R0, #0]
0x0788	0xE006    B	L___Lib_System_105_107_InitialSetUpRCCRCC234
L___Lib_System_105_107_InitialSetUpRCCRCC233:
;__Lib_System_105_107.c, 392 :: 		
0x078A	0x483D    LDR	R0, [PC, #244]
0x078C	0x6801    LDR	R1, [R0, #0]
0x078E	0xF06F0007  MVN	R0, #7
0x0792	0x4001    ANDS	R1, R0
0x0794	0x483A    LDR	R0, [PC, #232]
0x0796	0x6001    STR	R1, [R0, #0]
L___Lib_System_105_107_InitialSetUpRCCRCC234:
L___Lib_System_105_107_InitialSetUpRCCRCC232:
;__Lib_System_105_107.c, 394 :: 		
0x0798	0xF7FFFE8A  BL	__Lib_System_105_107_SystemClockSetDefault+0
;__Lib_System_105_107.c, 396 :: 		
0x079C	0x4839    LDR	R0, [PC, #228]
0x079E	0x6003    STR	R3, [R0, #0]
;__Lib_System_105_107.c, 397 :: 		
0x07A0	0x4839    LDR	R0, [PC, #228]
0x07A2	0x6004    STR	R4, [R0, #0]
; ulRCC_CFGR2 end address is: 16 (R4)
;__Lib_System_105_107.c, 398 :: 		
0x07A4	0x4839    LDR	R0, [PC, #228]
0x07A6	0xEA020100  AND	R1, R2, R0, LSL #0
0x07AA	0x4839    LDR	R0, [PC, #228]
0x07AC	0x6001    STR	R1, [R0, #0]
;__Lib_System_105_107.c, 400 :: 		
0x07AE	0xF0020001  AND	R0, R2, #1
0x07B2	0xB140    CBZ	R0, L___Lib_System_105_107_InitialSetUpRCCRCC252
; ulRCC_CFGR end address is: 12 (R3)
; ulRCC_CR end address is: 8 (R2)
0x07B4	0x4619    MOV	R1, R3
;__Lib_System_105_107.c, 401 :: 		
L___Lib_System_105_107_InitialSetUpRCCRCC236:
; ulRCC_CFGR start address is: 4 (R1)
; ulRCC_CR start address is: 8 (R2)
0x07B6	0x4836    LDR	R0, [PC, #216]
0x07B8	0x6800    LDR	R0, [R0, #0]
0x07BA	0xF0000002  AND	R0, R0, #2
0x07BE	0x2800    CMP	R0, #0
0x07C0	0xD100    BNE	L___Lib_System_105_107_InitialSetUpRCCRCC237
;__Lib_System_105_107.c, 402 :: 		
0x07C2	0xE7F8    B	L___Lib_System_105_107_InitialSetUpRCCRCC236
L___Lib_System_105_107_InitialSetUpRCCRCC237:
;__Lib_System_105_107.c, 403 :: 		
; ulRCC_CFGR end address is: 4 (R1)
0x07C4	0xE000    B	L___Lib_System_105_107_InitialSetUpRCCRCC235
; ulRCC_CR end address is: 8 (R2)
L___Lib_System_105_107_InitialSetUpRCCRCC252:
;__Lib_System_105_107.c, 400 :: 		
0x07C6	0x4619    MOV	R1, R3
;__Lib_System_105_107.c, 403 :: 		
L___Lib_System_105_107_InitialSetUpRCCRCC235:
;__Lib_System_105_107.c, 405 :: 		
; ulRCC_CFGR start address is: 4 (R1)
; ulRCC_CR start address is: 8 (R2)
0x07C8	0xF4023080  AND	R0, R2, #65536
0x07CC	0xB140    CBZ	R0, L___Lib_System_105_107_InitialSetUpRCCRCC253
; ulRCC_CR end address is: 8 (R2)
; ulRCC_CFGR end address is: 4 (R1)
0x07CE	0x460B    MOV	R3, R1
;__Lib_System_105_107.c, 406 :: 		
L___Lib_System_105_107_InitialSetUpRCCRCC239:
; ulRCC_CR start address is: 8 (R2)
; ulRCC_CFGR start address is: 12 (R3)
0x07D0	0x482F    LDR	R0, [PC, #188]
0x07D2	0x6800    LDR	R0, [R0, #0]
0x07D4	0xF4003000  AND	R0, R0, #131072
0x07D8	0x2800    CMP	R0, #0
0x07DA	0xD100    BNE	L___Lib_System_105_107_InitialSetUpRCCRCC240
;__Lib_System_105_107.c, 407 :: 		
0x07DC	0xE7F8    B	L___Lib_System_105_107_InitialSetUpRCCRCC239
L___Lib_System_105_107_InitialSetUpRCCRCC240:
;__Lib_System_105_107.c, 408 :: 		
; ulRCC_CR end address is: 8 (R2)
0x07DE	0xE000    B	L___Lib_System_105_107_InitialSetUpRCCRCC238
; ulRCC_CFGR end address is: 12 (R3)
L___Lib_System_105_107_InitialSetUpRCCRCC253:
;__Lib_System_105_107.c, 405 :: 		
0x07E0	0x460B    MOV	R3, R1
;__Lib_System_105_107.c, 408 :: 		
L___Lib_System_105_107_InitialSetUpRCCRCC238:
;__Lib_System_105_107.c, 410 :: 		
; ulRCC_CR start address is: 8 (R2)
; ulRCC_CFGR start address is: 12 (R3)
0x07E2	0xF0025080  AND	R0, R2, #268435456
0x07E6	0xB168    CBZ	R0, L___Lib_System_105_107_InitialSetUpRCCRCC254
;__Lib_System_105_107.c, 411 :: 		
0x07E8	0x4829    LDR	R0, [PC, #164]
0x07EA	0x6800    LDR	R0, [R0, #0]
0x07EC	0xF0405180  ORR	R1, R0, #268435456
0x07F0	0x4827    LDR	R0, [PC, #156]
0x07F2	0x6001    STR	R1, [R0, #0]
; ulRCC_CFGR end address is: 12 (R3)
; ulRCC_CR end address is: 8 (R2)
;__Lib_System_105_107.c, 412 :: 		
L___Lib_System_105_107_InitialSetUpRCCRCC242:
; ulRCC_CFGR start address is: 12 (R3)
; ulRCC_CR start address is: 8 (R2)
0x07F4	0x4826    LDR	R0, [PC, #152]
0x07F6	0x6800    LDR	R0, [R0, #0]
0x07F8	0xF0005000  AND	R0, R0, #536870912
0x07FC	0x2800    CMP	R0, #0
0x07FE	0xD100    BNE	L___Lib_System_105_107_InitialSetUpRCCRCC243
;__Lib_System_105_107.c, 413 :: 		
0x0800	0xE7F8    B	L___Lib_System_105_107_InitialSetUpRCCRCC242
L___Lib_System_105_107_InitialSetUpRCCRCC243:
;__Lib_System_105_107.c, 414 :: 		
; ulRCC_CR end address is: 8 (R2)
0x0802	0xE7FF    B	L___Lib_System_105_107_InitialSetUpRCCRCC241
; ulRCC_CFGR end address is: 12 (R3)
L___Lib_System_105_107_InitialSetUpRCCRCC254:
;__Lib_System_105_107.c, 410 :: 		
;__Lib_System_105_107.c, 414 :: 		
L___Lib_System_105_107_InitialSetUpRCCRCC241:
;__Lib_System_105_107.c, 416 :: 		
; ulRCC_CFGR start address is: 12 (R3)
; ulRCC_CR start address is: 8 (R2)
0x0804	0xF0026080  AND	R0, R2, #67108864
0x0808	0xB178    CBZ	R0, L___Lib_System_105_107_InitialSetUpRCCRCC255
;__Lib_System_105_107.c, 417 :: 		
0x080A	0x4821    LDR	R0, [PC, #132]
0x080C	0x6800    LDR	R0, [R0, #0]
0x080E	0xF0406180  ORR	R1, R0, #67108864
0x0812	0x481F    LDR	R0, [PC, #124]
0x0814	0x6001    STR	R1, [R0, #0]
; ulRCC_CFGR end address is: 12 (R3)
; ulRCC_CR end address is: 8 (R2)
0x0816	0x4611    MOV	R1, R2
0x0818	0x461A    MOV	R2, R3
;__Lib_System_105_107.c, 418 :: 		
L___Lib_System_105_107_InitialSetUpRCCRCC245:
; ulRCC_CR start address is: 4 (R1)
; ulRCC_CFGR start address is: 8 (R2)
0x081A	0x481D    LDR	R0, [PC, #116]
0x081C	0x6800    LDR	R0, [R0, #0]
0x081E	0xF0006000  AND	R0, R0, #134217728
0x0822	0x2800    CMP	R0, #0
0x0824	0xD100    BNE	L___Lib_System_105_107_InitialSetUpRCCRCC246
;__Lib_System_105_107.c, 419 :: 		
0x0826	0xE7F8    B	L___Lib_System_105_107_InitialSetUpRCCRCC245
L___Lib_System_105_107_InitialSetUpRCCRCC246:
;__Lib_System_105_107.c, 420 :: 		
; ulRCC_CFGR end address is: 8 (R2)
0x0828	0xE001    B	L___Lib_System_105_107_InitialSetUpRCCRCC244
; ulRCC_CR end address is: 4 (R1)
L___Lib_System_105_107_InitialSetUpRCCRCC255:
;__Lib_System_105_107.c, 416 :: 		
0x082A	0x4611    MOV	R1, R2
0x082C	0x461A    MOV	R2, R3
;__Lib_System_105_107.c, 420 :: 		
L___Lib_System_105_107_InitialSetUpRCCRCC244:
;__Lib_System_105_107.c, 422 :: 		
; ulRCC_CR start address is: 4 (R1)
; ulRCC_CFGR start address is: 8 (R2)
0x082E	0xF0017080  AND	R0, R1, #16777216
; ulRCC_CR end address is: 4 (R1)
0x0832	0xB170    CBZ	R0, L___Lib_System_105_107_InitialSetUpRCCRCC256
;__Lib_System_105_107.c, 423 :: 		
0x0834	0x4816    LDR	R0, [PC, #88]
0x0836	0x6800    LDR	R0, [R0, #0]
0x0838	0xF0407180  ORR	R1, R0, #16777216
0x083C	0x4814    LDR	R0, [PC, #80]
0x083E	0x6001    STR	R1, [R0, #0]
; ulRCC_CFGR end address is: 8 (R2)
0x0840	0x4611    MOV	R1, R2
;__Lib_System_105_107.c, 424 :: 		
L___Lib_System_105_107_InitialSetUpRCCRCC248:
; ulRCC_CFGR start address is: 4 (R1)
0x0842	0x4813    LDR	R0, [PC, #76]
0x0844	0x6800    LDR	R0, [R0, #0]
0x0846	0xF0007000  AND	R0, R0, #33554432
0x084A	0xB900    CBNZ	R0, L___Lib_System_105_107_InitialSetUpRCCRCC249
;__Lib_System_105_107.c, 425 :: 		
0x084C	0xE7F9    B	L___Lib_System_105_107_InitialSetUpRCCRCC248
L___Lib_System_105_107_InitialSetUpRCCRCC249:
;__Lib_System_105_107.c, 426 :: 		
0x084E	0x460A    MOV	R2, R1
0x0850	0xE7FF    B	L___Lib_System_105_107_InitialSetUpRCCRCC247
; ulRCC_CFGR end address is: 4 (R1)
L___Lib_System_105_107_InitialSetUpRCCRCC256:
;__Lib_System_105_107.c, 422 :: 		
;__Lib_System_105_107.c, 426 :: 		
L___Lib_System_105_107_InitialSetUpRCCRCC247:
;__Lib_System_105_107.c, 430 :: 		
; ulRCC_CFGR start address is: 8 (R2)
; ulRCC_CFGR end address is: 8 (R2)
L___Lib_System_105_107_InitialSetUpRCCRCC250:
; ulRCC_CFGR start address is: 8 (R2)
0x0852	0x480C    LDR	R0, [PC, #48]
0x0854	0x6800    LDR	R0, [R0, #0]
0x0856	0xF000010C  AND	R1, R0, #12
0x085A	0x0090    LSLS	R0, R2, #2
0x085C	0xF000000C  AND	R0, R0, #12
0x0860	0x4281    CMP	R1, R0
0x0862	0xD000    BEQ	L___Lib_System_105_107_InitialSetUpRCCRCC251
;__Lib_System_105_107.c, 431 :: 		
; ulRCC_CFGR end address is: 8 (R2)
0x0864	0xE7F5    B	L___Lib_System_105_107_InitialSetUpRCCRCC250
L___Lib_System_105_107_InitialSetUpRCCRCC251:
;__Lib_System_105_107.c, 432 :: 		
L_end_InitialSetUpRCCRCC2:
0x0866	0xF8DDE000  LDR	LR, [SP, #0]
0x086A	0xB001    ADD	SP, SP, #4
0x086C	0x4770    BX	LR
0x086E	0xBF00    NOP
0x0870	0x00810501  	#83951745
0x0874	0x8402001D  	#1934338
0x0878	0x06440001  	#67140
0x087C	0x19400001  	#72000
0x0880	0x20004002  	FLASH_ACR+0
0x0884	0x10044002  	RCC_CFGR+0
0x0888	0x102C4002  	RCC_CFGR2+0
0x088C	0xFFFF000F  	#1048575
0x0890	0x10004002  	RCC_CR+0
; end of __Lib_System_105_107_InitialSetUpRCCRCC2
__Lib_System_105_107_SystemClockSetDefault:
;__Lib_System_105_107.c, 347 :: 		
0x04B0	0xB081    SUB	SP, SP, #4
;__Lib_System_105_107.c, 350 :: 		
0x04B2	0x4815    LDR	R0, [PC, #84]
0x04B4	0x6800    LDR	R0, [R0, #0]
0x04B6	0xF0400101  ORR	R1, R0, #1
0x04BA	0x4813    LDR	R0, [PC, #76]
0x04BC	0x6001    STR	R1, [R0, #0]
;__Lib_System_105_107.c, 353 :: 		
0x04BE	0x4913    LDR	R1, [PC, #76]
0x04C0	0x4813    LDR	R0, [PC, #76]
0x04C2	0x6001    STR	R1, [R0, #0]
;__Lib_System_105_107.c, 356 :: 		
0x04C4	0x4810    LDR	R0, [PC, #64]
0x04C6	0x6801    LDR	R1, [R0, #0]
0x04C8	0x4812    LDR	R0, [PC, #72]
0x04CA	0x4001    ANDS	R1, R0
0x04CC	0x480E    LDR	R0, [PC, #56]
0x04CE	0x6001    STR	R1, [R0, #0]
;__Lib_System_105_107.c, 359 :: 		
0x04D0	0x480D    LDR	R0, [PC, #52]
0x04D2	0x6801    LDR	R1, [R0, #0]
0x04D4	0xF46F2080  MVN	R0, #262144
0x04D8	0x4001    ANDS	R1, R0
0x04DA	0x480B    LDR	R0, [PC, #44]
0x04DC	0x6001    STR	R1, [R0, #0]
;__Lib_System_105_107.c, 362 :: 		
0x04DE	0x480C    LDR	R0, [PC, #48]
0x04E0	0x6801    LDR	R1, [R0, #0]
0x04E2	0xF46F00FE  MVN	R0, #8323072
0x04E6	0x4001    ANDS	R1, R0
0x04E8	0x4809    LDR	R0, [PC, #36]
0x04EA	0x6001    STR	R1, [R0, #0]
;__Lib_System_105_107.c, 365 :: 		
0x04EC	0x4806    LDR	R0, [PC, #24]
0x04EE	0x6801    LDR	R1, [R0, #0]
0x04F0	0xF06F50A0  MVN	R0, #335544320
0x04F4	0x4001    ANDS	R1, R0
0x04F6	0x4804    LDR	R0, [PC, #16]
0x04F8	0x6001    STR	R1, [R0, #0]
;__Lib_System_105_107.c, 368 :: 		
0x04FA	0xF04F0100  MOV	R1, #0
0x04FE	0x4806    LDR	R0, [PC, #24]
0x0500	0x6001    STR	R1, [R0, #0]
;__Lib_System_105_107.c, 372 :: 		
L_end_SystemClockSetDefault:
0x0502	0xB001    ADD	SP, SP, #4
0x0504	0x4770    BX	LR
0x0506	0xBF00    NOP
0x0508	0x10004002  	RCC_CR+0
0x050C	0x0000F0FF  	#-251723776
0x0510	0x10044002  	RCC_CFGR+0
0x0514	0xFFFFFEF6  	#-17367041
0x0518	0x102C4002  	RCC_CFGR2+0
; end of __Lib_System_105_107_SystemClockSetDefault
__Lib_System_105_107_InitialSetUpFosc:
;__Lib_System_105_107.c, 434 :: 		
0x0734	0xB081    SUB	SP, SP, #4
;__Lib_System_105_107.c, 435 :: 		
0x0736	0x4902    LDR	R1, [PC, #8]
0x0738	0x4802    LDR	R0, [PC, #8]
0x073A	0x6001    STR	R1, [R0, #0]
;__Lib_System_105_107.c, 436 :: 		
L_end_InitialSetUpFosc:
0x073C	0xB001    ADD	SP, SP, #4
0x073E	0x4770    BX	LR
0x0740	0x19400001  	#72000
0x0744	0x00002000  	___System_CLOCK_IN_KHZ+0
; end of __Lib_System_105_107_InitialSetUpFosc
___GenExcept:
;__Lib_System_105_107.c, 298 :: 		
0x0748	0xB081    SUB	SP, SP, #4
;__Lib_System_105_107.c, 299 :: 		
L___GenExcept27:
0x074A	0xE7FE    B	L___GenExcept27
;__Lib_System_105_107.c, 300 :: 		
L_end___GenExcept:
0x074C	0xB001    ADD	SP, SP, #4
0x074E	0x4770    BX	LR
; end of ___GenExcept
0x0964	0xB500    PUSH	(R14)
0x0966	0xF8DFB010  LDR	R11, [PC, #16]
0x096A	0xF8DFA010  LDR	R10, [PC, #16]
0x096E	0xF7FFFE2F  BL	1488
0x0972	0xBD00    POP	(R15)
0x0974	0x4770    BX	LR
0x0976	0xBF00    NOP
0x0978	0x00002000  	#536870912
0x097C	0x00102000  	#536870928
Symbol List:
//** Routines locations **
//ADDRESS    SIZE    PROCEDURE
//----------------------------------------------
0x0150     [140]    _GPIO_Clk_Enable
0x01DC      [12]    _Get_Fosc_kHz
0x01E8      [24]    _ToneC
0x0200      [24]    _Delay_500us
0x0218      [24]    _ToneA
0x0230      [24]    _Delay_Cyc
0x0248      [28]    _GPIO_Digital_Output
0x0264     [500]    _GPIO_Config
0x0458      [24]    _ToneE
0x0470      [38]    _Melody2
0x0498      [24]    _Tone3
0x04B0     [108]    __Lib_System_105_107_SystemClockSetDefault
0x051C      [46]    _Melody
0x054C      [20]    ___CC2DW
0x0560      [88]    _Sound_Init
0x05B8      [24]    _GPIO_Digital_Input
0x05D0      [58]    ___FillZeros
0x060C     [140]    _Sound_Play
0x0698      [24]    _Tone2
0x06B0      [24]    _Tone1
0x06C8     [106]    _Button
0x0734      [20]    __Lib_System_105_107_InitialSetUpFosc
0x0748       [8]    ___GenExcept
0x0750     [324]    __Lib_System_105_107_InitialSetUpRCCRCC2
0x0894     [208]    _main
//** Variables locations ** 
//ADDRESS    SIZE    VARIABLE
//----------------------------------------------
0x20000000       [4]    ___System_CLOCK_IN_KHZ
0x20000004       [4]    __Lib_Sound_soundPortAddr
0x20000008       [4]    __Lib_Sound_pinMask1
0x2000000C       [4]    __Lib_Sound_pinMask0
