0	1	mikroCARM.exe -MSF -DBG -pSTM32F107VC -UICD -LHF -DL -SSA -O11111114 -fo72 -N"Z:\Materijal\2013\8. Semestar\Sistemi u realnom vremenu\Vezbe\Vezba 7\BEE primer\Transmitter\Transmitter.mcpar" -SP"C:\Program Files\Mikroelektronika\mikroC PRO for ARM\defs\" -SP"Z:\Materijal\2013\8. Semestar\Sistemi u realnom vremenu\Vezbe\Vezba 7\BEE primer\Transmitter\" -SP"C:\Program Files\Mikroelektronika\mikroC PRO for ARM\Uses\ST M3\" -SP"C:\Users\Public\Documents\Mikroelektronika\mikroC PRO for ARM\defs\" -SP"C:\Users\Public\Documents\Mikroelektronika\mikroC PRO for ARM\Uses\ST M3\" -SP"D:\Download\1347955933_bee_click___exam_mikroc_arm\mikroC PRO for ARM\EasyMX PRO v7 for STM32 - STM32F107VC\Transmitter\" -SP"D:\Download\1347955933_bee_click___exam_mikroc_arm\mikroC PRO for ARM\EasyMX PRO v7 for STM32 - STM32F107VC\" -SP"Z:\Materijal\2013\8. Semestar\Sistemi u realnom vremenu\Vezbe\Vezba 7\BEE primer\" "Transmitter.c" "ReadWrite_Routines.c" "Reset_Routines.c" "Misc_Routines.c" "Init_Routines.c" "__Lib_Math.emcl" "__Lib_MathDouble.emcl" "__Lib_Delays.emcl" "__Lib_System_105_107.emcl" "__Lib_GPIO_32F10x_Defs.emcl" "__Lib_GPIO_32F10x.emcl" "__Lib_Conversions.emcl" "__Lib_SPI_123.emcl" "__Lib_UART_123_45.emcl" "__Lib_LcdConsts.emcl" "__Lib_Lcd.emcl" "__Lib_TFT.emcl" "__Lib_TFT_Defs.emcl" "__Lib_TouchPanel_TFT.emcl"	 
warning: 0	1501	Specified search path does not exist: 'C:\Users\Public\Documents\Mikroelektronika\mikroC PRO for ARM\defs'	 
warning: 0	1501	Specified search path does not exist: 'C:\Users\Public\Documents\Mikroelektronika\mikroC PRO for ARM\Uses\ST M3'	 
warning: 0	1501	Specified search path does not exist: 'D:\Download\1347955933_bee_click___exam_mikroc_arm\mikroC PRO for ARM\EasyMX PRO v7 for STM32 - STM32F107VC\Transmitter'	 
warning: 0	1501	Specified search path does not exist: 'D:\Download\1347955933_bee_click___exam_mikroc_arm\mikroC PRO for ARM\EasyMX PRO v7 for STM32 - STM32F107VC'	 
diagnostics: 0	122	Compilation Started	STM32F107VC.c
diagnostics: 33017	123	Compiled Successfully	STM32F107VC.c
diagnostics: 0	122	Compilation Started	__Lib_Delays.c
diagnostics: 115	123	Compiled Successfully	__Lib_Delays.c
hint: 84	1164	Variable 'NumberOfCyc' has been eliminated by optimizer	__Lib_Delays.c
hint: 101	1164	Variable 'NumberOfCyc' has been eliminated by optimizer	__Lib_Delays.c
diagnostics: 0	122	Compilation Started	__lib_gpio.h
diagnostics: 814	123	Compiled Successfully	__Lib_GPIO_32F10x_Defs.c
diagnostics: 0	122	Compilation Started	__Lib_TFT_Defs.c
warning: 94	1508	Implicit conversion of int to ptr	__Lib_TFT_Defs.c
warning: 106	1508	Implicit conversion of int to ptr	__Lib_TFT_Defs.c
warning: 118	1508	Implicit conversion of int to ptr	__Lib_TFT_Defs.c
warning: 130	1508	Implicit conversion of int to ptr	__Lib_TFT_Defs.c
warning: 139	1508	Implicit conversion of int to ptr	__Lib_TFT_Defs.c
warning: 156	1508	Implicit conversion of int to ptr	__Lib_TFT_Defs.c
diagnostics: 3020	123	Compiled Successfully	__Lib_TFT_Defs.c
hint: 44	1164	Variable 'temp' has been eliminated by optimizer	__Lib_TFT_Defs.c
diagnostics: 0	122	Compilation Started	resources.h
diagnostics: 80	123	Compiled Successfully	Transmitter.c
diagnostics: 0	122	Compilation Started	misc_routines.h
diagnostics: 149	123	Compiled Successfully	ReadWrite_Routines.c
hint: 37	1164	Variable 'data_r' has been eliminated by optimizer	ReadWrite_Routines.c
hint: 54	1164	Variable 'address_high' has been eliminated by optimizer	ReadWrite_Routines.c
hint: 69	1164	Variable 'data_r' has been eliminated by optimizer	ReadWrite_Routines.c
hint: 70	1164	Variable 'address_high' has been eliminated by optimizer	ReadWrite_Routines.c
hint: 88	1164	Variable 'temp' has been eliminated by optimizer	ReadWrite_Routines.c
hint: 99	1164	Variable 'temp' has been eliminated by optimizer	ReadWrite_Routines.c
diagnostics: 0	122	Compilation Started	readwrite_routines.h
diagnostics: 43	123	Compiled Successfully	Reset_Routines.c
diagnostics: 0	122	Compilation Started	readwrite_routines.h
diagnostics: 424	123	Compiled Successfully	Misc_Routines.c
hint: 76	1164	Variable 'temp' has been eliminated by optimizer	Misc_Routines.c
hint: 120	1164	Variable 'temp' has been eliminated by optimizer	Misc_Routines.c
hint: 140	1164	Variable 'temp' has been eliminated by optimizer	Misc_Routines.c
hint: 154	1164	Variable 'temp' has been eliminated by optimizer	Misc_Routines.c
hint: 168	1164	Variable 'temp' has been eliminated by optimizer	Misc_Routines.c
hint: 183	1164	Variable 'temp' has been eliminated by optimizer	Misc_Routines.c
hint: 191	1164	Variable 'temp' has been eliminated by optimizer	Misc_Routines.c
hint: 202	1164	Variable 'temp' has been eliminated by optimizer	Misc_Routines.c
hint: 210	1164	Variable 'temp' has been eliminated by optimizer	Misc_Routines.c
hint: 221	1164	Variable 'temp' has been eliminated by optimizer	Misc_Routines.c
hint: 239	1164	Variable 'temp' has been eliminated by optimizer	Misc_Routines.c
hint: 260	1164	Variable 'temp' has been eliminated by optimizer	Misc_Routines.c
hint: 292	1164	Variable 'temp' has been eliminated by optimizer	Misc_Routines.c
hint: 332	1164	Variable 'temp' has been eliminated by optimizer	Misc_Routines.c
hint: 364	1164	Variable 'temp' has been eliminated by optimizer	Misc_Routines.c
diagnostics: 0	122	Compilation Started	readwrite_routines.h
diagnostics: 72	123	Compiled Successfully	Init_Routines.c
diagnostics: 0	127	All files Compiled in 1344 ms	 
hint: 0	1144	Used RX: 16 (100%)   Free RX: 0 (0%)	Used RX: 16 (100%)   Free RX: 0 (0%)
hint: 0	1144	Static RAM (bytes): 217   Dynamic RAM (bytes): 65313	Static RAM (bytes): 217   Dynamic RAM (bytes): 65313
hint: 0	1144	Used ROM (bytes): 20183 (8%)  Free ROM (bytes): 241961 (92%)	Used ROM (bytes): 20183 (8%)  Free ROM (bytes): 241961 (92%)
diagnostics: 0	125	Project Linked Successfully	Transmitter.mcpar
diagnostics: 0	128	Linked in 2094 ms	 
diagnostics: 0	129	Project 'Transmitter.mcpar' completed: 7531 ms	 
diagnostics: 0	103	Finished successfully: 06 Jun 2014, 14:27:28	Transmitter.mcpar
